{"E:\\Coding\\PzBotz\\src\\backup\\backupManager.js": {"path":"E:\\Coding\\PzBotz\\src\\backup\\backupManager.js","statementMap":{"0":{"start":{"line":1,"column":11},"end":{"line":1,"column":33}},"1":{"start":{"line":2,"column":13},"end":{"line":2,"column":28}},"2":{"start":{"line":3,"column":15},"end":{"line":3,"column":41}},"3":{"start":{"line":4,"column":21},"end":{"line":4,"column":41}},"4":{"start":{"line":8,"column":8},"end":{"line":8,"column":50}},"5":{"start":{"line":9,"column":8},"end":{"line":9,"column":36}},"6":{"start":{"line":13,"column":26},"end":{"line":13,"column":72}},"7":{"start":{"line":14,"column":27},"end":{"line":14,"column":80}},"8":{"start":{"line":16,"column":8},"end":{"line":23,"column":9}},"9":{"start":{"line":18,"column":12},"end":{"line":18,"column":61}},"10":{"start":{"line":19,"column":12},"end":{"line":19,"column":30}},"11":{"start":{"line":21,"column":12},"end":{"line":21,"column":72}},"12":{"start":{"line":22,"column":12},"end":{"line":22,"column":24}},"13":{"start":{"line":27,"column":8},"end":{"line":33,"column":9}},"14":{"start":{"line":29,"column":12},"end":{"line":29,"column":62}},"15":{"start":{"line":31,"column":12},"end":{"line":31,"column":75}},"16":{"start":{"line":32,"column":12},"end":{"line":32,"column":24}},"17":{"start":{"line":37,"column":8},"end":{"line":43,"column":9}},"18":{"start":{"line":38,"column":12},"end":{"line":38,"column":40}},"19":{"start":{"line":39,"column":12},"end":{"line":39,"column":61}},"20":{"start":{"line":41,"column":12},"end":{"line":41,"column":72}},"21":{"start":{"line":42,"column":12},"end":{"line":42,"column":24}},"22":{"start":{"line":47,"column":8},"end":{"line":49,"column":11}},"23":{"start":{"line":48,"column":12},"end":{"line":48,"column":38}},"24":{"start":{"line":50,"column":8},"end":{"line":50,"column":47}},"25":{"start":{"line":54,"column":0},"end":{"line":54,"column":37}}},"fnMap":{"0":{"name":"(anonymous_0)","decl":{"start":{"line":7,"column":4},"end":{"line":7,"column":5}},"loc":{"start":{"line":7,"column":18},"end":{"line":10,"column":5}},"line":7},"1":{"name":"(anonymous_1)","decl":{"start":{"line":12,"column":4},"end":{"line":12,"column":5}},"loc":{"start":{"line":12,"column":25},"end":{"line":24,"column":5}},"line":12},"2":{"name":"(anonymous_2)","decl":{"start":{"line":26,"column":4},"end":{"line":26,"column":5}},"loc":{"start":{"line":26,"column":36},"end":{"line":34,"column":5}},"line":26},"3":{"name":"(anonymous_3)","decl":{"start":{"line":36,"column":4},"end":{"line":36,"column":5}},"loc":{"start":{"line":36,"column":35},"end":{"line":44,"column":5}},"line":36},"4":{"name":"(anonymous_4)","decl":{"start":{"line":46,"column":4},"end":{"line":46,"column":5}},"loc":{"start":{"line":46,"column":21},"end":{"line":51,"column":5}},"line":46},"5":{"name":"(anonymous_5)","decl":{"start":{"line":47,"column":32},"end":{"line":47,"column":33}},"loc":{"start":{"line":47,"column":44},"end":{"line":49,"column":9}},"line":47}},"branchMap":{},"s":{"0":1,"1":1,"2":1,"3":1,"4":1,"5":1,"6":1,"7":1,"8":0,"9":0,"10":0,"11":0,"12":0,"13":1,"14":1,"15":1,"16":0,"17":1,"18":1,"19":0,"20":1,"21":0,"22":0,"23":0,"24":0,"25":1},"f":{"0":1,"1":1,"2":1,"3":1,"4":0,"5":0},"b":{},"inputSourceMap":null,"_coverageSchema":"1a1c01bbd47fc00a2c39e90264f33305004495a9","hash":"4d5e93eb132f21b9faa9bf560ce1af5944aaa4f6"}
,"E:\\Coding\\PzBotz\\src\\core\\serviceIntegrator.js": {"path":"E:\\Coding\\PzBotz\\src\\core\\serviceIntegrator.js","statementMap":{"0":{"start":{"line":1,"column":15},"end":{"line":1,"column":41}},"1":{"start":{"line":2,"column":24},"end":{"line":2,"column":70}},"2":{"start":{"line":3,"column":21},"end":{"line":3,"column":63}},"3":{"start":{"line":4,"column":24},"end":{"line":4,"column":71}},"4":{"start":{"line":5,"column":24},"end":{"line":5,"column":71}},"5":{"start":{"line":9,"column":8},"end":{"line":9,"column":34}},"6":{"start":{"line":10,"column":8},"end":{"line":10,"column":35}},"7":{"start":{"line":11,"column":8},"end":{"line":11,"column":29}},"8":{"start":{"line":12,"column":8},"end":{"line":12,"column":34}},"9":{"start":{"line":16,"column":8},"end":{"line":16,"column":54}},"10":{"start":{"line":17,"column":8},"end":{"line":17,"column":50}},"11":{"start":{"line":18,"column":8},"end":{"line":18,"column":55}},"12":{"start":{"line":19,"column":8},"end":{"line":19,"column":55}},"13":{"start":{"line":23,"column":8},"end":{"line":25,"column":11}},"14":{"start":{"line":24,"column":12},"end":{"line":24,"column":50}},"15":{"start":{"line":27,"column":8},"end":{"line":31,"column":11}},"16":{"start":{"line":28,"column":12},"end":{"line":30,"column":13}},"17":{"start":{"line":29,"column":16},"end":{"line":29,"column":77}},"18":{"start":{"line":35,"column":8},"end":{"line":35,"column":41}},"19":{"start":{"line":36,"column":8},"end":{"line":36,"column":51}},"20":{"start":{"line":40,"column":8},"end":{"line":50,"column":9}},"21":{"start":{"line":41,"column":12},"end":{"line":49,"column":13}},"22":{"start":{"line":42,"column":16},"end":{"line":44,"column":17}},"23":{"start":{"line":43,"column":20},"end":{"line":43,"column":47}},"24":{"start":{"line":45,"column":16},"end":{"line":45,"column":60}},"25":{"start":{"line":47,"column":16},"end":{"line":47,"column":77}},"26":{"start":{"line":48,"column":16},"end":{"line":48,"column":28}},"27":{"start":{"line":51,"column":8},"end":{"line":51,"column":34}},"28":{"start":{"line":55,"column":8},"end":{"line":55,"column":39}},"29":{"start":{"line":59,"column":8},"end":{"line":68,"column":9}},"30":{"start":{"line":60,"column":12},"end":{"line":67,"column":13}},"31":{"start":{"line":61,"column":16},"end":{"line":64,"column":17}},"32":{"start":{"line":62,"column":20},"end":{"line":62,"column":42}},"33":{"start":{"line":63,"column":20},"end":{"line":63,"column":60}},"34":{"start":{"line":66,"column":16},"end":{"line":66,"column":72}},"35":{"start":{"line":72,"column":8},"end":{"line":81,"column":9}},"36":{"start":{"line":73,"column":12},"end":{"line":80,"column":13}},"37":{"start":{"line":74,"column":16},"end":{"line":77,"column":17}},"38":{"start":{"line":75,"column":20},"end":{"line":75,"column":41}},"39":{"start":{"line":76,"column":20},"end":{"line":76,"column":60}},"40":{"start":{"line":79,"column":16},"end":{"line":79,"column":71}},"41":{"start":{"line":85,"column":0},"end":{"line":85,"column":41}}},"fnMap":{"0":{"name":"(anonymous_0)","decl":{"start":{"line":8,"column":4},"end":{"line":8,"column":5}},"loc":{"start":{"line":8,"column":18},"end":{"line":13,"column":5}},"line":8},"1":{"name":"(anonymous_1)","decl":{"start":{"line":15,"column":4},"end":{"line":15,"column":5}},"loc":{"start":{"line":15,"column":20},"end":{"line":20,"column":5}},"line":15},"2":{"name":"(anonymous_2)","decl":{"start":{"line":22,"column":4},"end":{"line":22,"column":5}},"loc":{"start":{"line":22,"column":25},"end":{"line":32,"column":5}},"line":22},"3":{"name":"(anonymous_3)","decl":{"start":{"line":23,"column":47},"end":{"line":23,"column":48}},"loc":{"start":{"line":23,"column":67},"end":{"line":25,"column":9}},"line":23},"4":{"name":"(anonymous_4)","decl":{"start":{"line":27,"column":33},"end":{"line":27,"column":34}},"loc":{"start":{"line":27,"column":44},"end":{"line":31,"column":9}},"line":27},"5":{"name":"(anonymous_5)","decl":{"start":{"line":34,"column":4},"end":{"line":34,"column":5}},"loc":{"start":{"line":34,"column":35},"end":{"line":37,"column":5}},"line":34},"6":{"name":"(anonymous_6)","decl":{"start":{"line":39,"column":4},"end":{"line":39,"column":5}},"loc":{"start":{"line":39,"column":31},"end":{"line":52,"column":5}},"line":39},"7":{"name":"(anonymous_7)","decl":{"start":{"line":54,"column":4},"end":{"line":54,"column":5}},"loc":{"start":{"line":54,"column":21},"end":{"line":56,"column":5}},"line":54},"8":{"name":"(anonymous_8)","decl":{"start":{"line":58,"column":4},"end":{"line":58,"column":5}},"loc":{"start":{"line":58,"column":18},"end":{"line":69,"column":5}},"line":58},"9":{"name":"(anonymous_9)","decl":{"start":{"line":71,"column":4},"end":{"line":71,"column":5}},"loc":{"start":{"line":71,"column":17},"end":{"line":82,"column":5}},"line":71}},"branchMap":{"0":{"loc":{"start":{"line":28,"column":12},"end":{"line":30,"column":13}},"type":"if","locations":[{"start":{"line":28,"column":12},"end":{"line":30,"column":13}},{"start":{},"end":{}}],"line":28},"1":{"loc":{"start":{"line":42,"column":16},"end":{"line":44,"column":17}},"type":"if","locations":[{"start":{"line":42,"column":16},"end":{"line":44,"column":17}},{"start":{},"end":{}}],"line":42},"2":{"loc":{"start":{"line":61,"column":16},"end":{"line":64,"column":17}},"type":"if","locations":[{"start":{"line":61,"column":16},"end":{"line":64,"column":17}},{"start":{},"end":{}}],"line":61},"3":{"loc":{"start":{"line":74,"column":16},"end":{"line":77,"column":17}},"type":"if","locations":[{"start":{"line":74,"column":16},"end":{"line":77,"column":17}},{"start":{},"end":{}}],"line":74}},"s":{"0":2,"1":2,"2":2,"3":2,"4":2,"5":2,"6":2,"7":2,"8":2,"9":2,"10":2,"11":2,"12":2,"13":2,"14":0,"15":2,"16":0,"17":0,"18":0,"19":0,"20":1,"21":1,"22":1,"23":0,"24":1,"25":1,"26":0,"27":0,"28":2,"29":1,"30":4,"31":4,"32":0,"33":0,"34":0,"35":2,"36":8,"37":8,"38":0,"39":0,"40":0,"41":2},"f":{"0":2,"1":2,"2":2,"3":0,"4":0,"5":0,"6":1,"7":2,"8":1,"9":2},"b":{"0":[0,0],"1":[0,1],"2":[0,4],"3":[0,8]},"inputSourceMap":null,"_coverageSchema":"1a1c01bbd47fc00a2c39e90264f33305004495a9","hash":"54399a227715dffca8dc4000a0b9b33d1ad9ec6d"}
,"E:\\Coding\\PzBotz\\src\\errorHandling\\enhancedErrorHandler.js": {"path":"E:\\Coding\\PzBotz\\src\\errorHandling\\enhancedErrorHandler.js","statementMap":{"0":{"start":{"line":1,"column":15},"end":{"line":1,"column":43}},"1":{"start":{"line":2,"column":23},"end":{"line":2,"column":62}},"2":{"start":{"line":6,"column":8},"end":{"line":6,"column":44}},"3":{"start":{"line":7,"column":8},"end":{"line":7,"column":41}},"4":{"start":{"line":8,"column":8},"end":{"line":8,"column":36}},"5":{"start":{"line":12,"column":8},"end":{"line":15,"column":11}},"6":{"start":{"line":16,"column":8},"end":{"line":19,"column":11}},"7":{"start":{"line":20,"column":8},"end":{"line":23,"column":11}},"8":{"start":{"line":27,"column":26},"end":{"line":33,"column":9}},"9":{"start":{"line":35,"column":31},"end":{"line":35,"column":65}},"10":{"start":{"line":37,"column":8},"end":{"line":40,"column":11}},"11":{"start":{"line":42,"column":8},"end":{"line":44,"column":9}},"12":{"start":{"line":43,"column":12},"end":{"line":43,"column":47}},"13":{"start":{"line":46,"column":8},"end":{"line":48,"column":9}},"14":{"start":{"line":47,"column":12},"end":{"line":47,"column":53}},"15":{"start":{"line":53,"column":8},"end":{"line":56,"column":11}},"16":{"start":{"line":61,"column":8},"end":{"line":64,"column":11}},"17":{"start":{"line":68,"column":0},"end":{"line":68,"column":38}}},"fnMap":{"0":{"name":"(anonymous_0)","decl":{"start":{"line":5,"column":4},"end":{"line":5,"column":5}},"loc":{"start":{"line":5,"column":18},"end":{"line":9,"column":5}},"line":5},"1":{"name":"(anonymous_1)","decl":{"start":{"line":11,"column":4},"end":{"line":11,"column":5}},"loc":{"start":{"line":11,"column":27},"end":{"line":24,"column":5}},"line":11},"2":{"name":"(anonymous_2)","decl":{"start":{"line":26,"column":4},"end":{"line":26,"column":5}},"loc":{"start":{"line":26,"column":50},"end":{"line":49,"column":5}},"line":26},"3":{"name":"(anonymous_3)","decl":{"start":{"line":51,"column":4},"end":{"line":51,"column":5}},"loc":{"start":{"line":51,"column":34},"end":{"line":57,"column":5}},"line":51},"4":{"name":"(anonymous_4)","decl":{"start":{"line":59,"column":4},"end":{"line":59,"column":5}},"loc":{"start":{"line":59,"column":40},"end":{"line":65,"column":5}},"line":59}},"branchMap":{"0":{"loc":{"start":{"line":26,"column":29},"end":{"line":26,"column":48}},"type":"default-arg","locations":[{"start":{"line":26,"column":40},"end":{"line":26,"column":48}}],"line":26},"1":{"loc":{"start":{"line":39,"column":22},"end":{"line":39,"column":58}},"type":"binary-expr","locations":[{"start":{"line":39,"column":22},"end":{"line":39,"column":46}},{"start":{"line":39,"column":50},"end":{"line":39,"column":58}}],"line":39},"2":{"loc":{"start":{"line":42,"column":8},"end":{"line":44,"column":9}},"type":"if","locations":[{"start":{"line":42,"column":8},"end":{"line":44,"column":9}},{"start":{},"end":{}}],"line":42},"3":{"loc":{"start":{"line":46,"column":8},"end":{"line":48,"column":9}},"type":"if","locations":[{"start":{"line":46,"column":8},"end":{"line":48,"column":9}},{"start":{},"end":{}}],"line":46}},"s":{"0":1,"1":1,"2":0,"3":0,"4":0,"5":0,"6":0,"7":0,"8":0,"9":0,"10":0,"11":0,"12":0,"13":0,"14":0,"15":0,"16":0,"17":1},"f":{"0":0,"1":0,"2":0,"3":0,"4":0},"b":{"0":[0],"1":[0,0],"2":[0,0],"3":[0,0]},"inputSourceMap":null,"_coverageSchema":"1a1c01bbd47fc00a2c39e90264f33305004495a9","hash":"5b8dffd9abe84bcd8afb628ccf9e865d2ddc13cd"}
,"E:\\Coding\\PzBotz\\src\\errorHandling\\errorHandler.js": {"path":"E:\\Coding\\PzBotz\\src\\errorHandling\\errorHandler.js","statementMap":{"0":{"start":{"line":3,"column":15},"end":{"line":3,"column":50}},"1":{"start":{"line":5,"column":21},"end":{"line":8,"column":1}},"2":{"start":{"line":6,"column":2},"end":{"line":6,"column":62}},"3":{"start":{"line":7,"column":2},"end":{"line":7,"column":91}},"4":{"start":{"line":12,"column":0},"end":{"line":12,"column":30}}},"fnMap":{"0":{"name":"(anonymous_0)","decl":{"start":{"line":5,"column":21},"end":{"line":5,"column":22}},"loc":{"start":{"line":5,"column":46},"end":{"line":8,"column":1}},"line":5}},"branchMap":{},"s":{"0":1,"1":1,"2":0,"3":0,"4":1},"f":{"0":0},"b":{},"inputSourceMap":null,"_coverageSchema":"1a1c01bbd47fc00a2c39e90264f33305004495a9","hash":"746e0cfcc7c604b8786ae0300071773e06739cfb"}
,"E:\\Coding\\PzBotz\\src\\logging\\logger.js": {"path":"E:\\Coding\\PzBotz\\src\\logging\\logger.js","statementMap":{"0":{"start":{"line":1,"column":11},"end":{"line":1,"column":24}},"1":{"start":{"line":2,"column":13},"end":{"line":2,"column":28}},"2":{"start":{"line":6,"column":8},"end":{"line":6,"column":66}},"3":{"start":{"line":10,"column":26},"end":{"line":10,"column":50}},"4":{"start":{"line":11,"column":27},"end":{"line":11,"column":54}},"5":{"start":{"line":12,"column":8},"end":{"line":12,"column":52}},"6":{"start":{"line":13,"column":8},"end":{"line":13,"column":32}},"7":{"start":{"line":17,"column":26},"end":{"line":17,"column":50}},"8":{"start":{"line":18,"column":27},"end":{"line":18,"column":79}},"9":{"start":{"line":19,"column":8},"end":{"line":19,"column":52}},"10":{"start":{"line":20,"column":8},"end":{"line":20,"column":34}},"11":{"start":{"line":24,"column":0},"end":{"line":24,"column":30}}},"fnMap":{"0":{"name":"(anonymous_0)","decl":{"start":{"line":5,"column":4},"end":{"line":5,"column":5}},"loc":{"start":{"line":5,"column":18},"end":{"line":7,"column":5}},"line":5},"1":{"name":"(anonymous_1)","decl":{"start":{"line":9,"column":4},"end":{"line":9,"column":5}},"loc":{"start":{"line":9,"column":20},"end":{"line":14,"column":5}},"line":9},"2":{"name":"(anonymous_2)","decl":{"start":{"line":16,"column":4},"end":{"line":16,"column":5}},"loc":{"start":{"line":16,"column":26},"end":{"line":21,"column":5}},"line":16}},"branchMap":{},"s":{"0":1,"1":1,"2":1,"3":0,"4":0,"5":0,"6":0,"7":0,"8":0,"9":0,"10":0,"11":1},"f":{"0":1,"1":0,"2":0},"b":{},"inputSourceMap":null,"_coverageSchema":"1a1c01bbd47fc00a2c39e90264f33305004495a9","hash":"c68a9b78cba720652a89c9516781490e6e250385"}
,"E:\\Coding\\PzBotz\\src\\logging\\loggingSystem.js": {"path":"E:\\Coding\\PzBotz\\src\\logging\\loggingSystem.js","statementMap":{"0":{"start":{"line":1,"column":11},"end":{"line":1,"column":24}},"1":{"start":{"line":2,"column":13},"end":{"line":2,"column":28}},"2":{"start":{"line":3,"column":45},"end":{"line":3,"column":63}},"3":{"start":{"line":4,"column":0},"end":{"line":4,"column":37}},"4":{"start":{"line":8,"column":15},"end":{"line":23,"column":2}},"5":{"start":{"line":27,"column":0},"end":{"line":27,"column":24}}},"fnMap":{},"branchMap":{},"s":{"0":1,"1":1,"2":1,"3":1,"4":1,"5":1},"f":{},"b":{},"inputSourceMap":null,"_coverageSchema":"1a1c01bbd47fc00a2c39e90264f33305004495a9","hash":"ededbcf065327a475242554a645ff37035db418e"}
,"E:\\Coding\\PzBotz\\src\\middleware\\errorHandler.js": {"path":"E:\\Coding\\PzBotz\\src\\middleware\\errorHandler.js","statementMap":{"0":{"start":{"line":1,"column":15},"end":{"line":1,"column":41}},"1":{"start":{"line":2,"column":23},"end":{"line":2,"column":38}},"2":{"start":{"line":6,"column":24},"end":{"line":6,"column":32}},"3":{"start":{"line":9,"column":8},"end":{"line":16,"column":11}},"4":{"start":{"line":18,"column":8},"end":{"line":20,"column":9}},"5":{"start":{"line":19,"column":12},"end":{"line":19,"column":29}},"6":{"start":{"line":22,"column":27},"end":{"line":22,"column":44}},"7":{"start":{"line":23,"column":24},"end":{"line":25,"column":25}},"8":{"start":{"line":27,"column":8},"end":{"line":33,"column":11}},"9":{"start":{"line":36,"column":8},"end":{"line":38,"column":9}},"10":{"start":{"line":37,"column":12},"end":{"line":37,"column":42}},"11":{"start":{"line":42,"column":8},"end":{"line":56,"column":9}},"12":{"start":{"line":43,"column":28},"end":{"line":43,"column":93}},"13":{"start":{"line":44,"column":12},"end":{"line":53,"column":13}},"14":{"start":{"line":45,"column":16},"end":{"line":52,"column":19}},"15":{"start":{"line":55,"column":12},"end":{"line":55,"column":77}},"16":{"start":{"line":62,"column":8},"end":{"line":62,"column":23}},"17":{"start":{"line":63,"column":8},"end":{"line":63,"column":29}},"18":{"start":{"line":67,"column":21},"end":{"line":90,"column":1}},"19":{"start":{"line":68,"column":4},"end":{"line":68,"column":29}},"20":{"start":{"line":70,"column":4},"end":{"line":75,"column":5}},"21":{"start":{"line":71,"column":8},"end":{"line":74,"column":11}},"22":{"start":{"line":77,"column":4},"end":{"line":82,"column":5}},"23":{"start":{"line":78,"column":8},"end":{"line":81,"column":11}},"24":{"start":{"line":84,"column":4},"end":{"line":89,"column":7}},"25":{"start":{"line":92,"column":0},"end":{"line":92,"column":58}}},"fnMap":{"0":{"name":"(anonymous_0)","decl":{"start":{"line":5,"column":4},"end":{"line":5,"column":5}},"loc":{"start":{"line":5,"column":50},"end":{"line":39,"column":5}},"line":5},"1":{"name":"(anonymous_1)","decl":{"start":{"line":41,"column":4},"end":{"line":41,"column":5}},"loc":{"start":{"line":41,"column":38},"end":{"line":57,"column":5}},"line":41},"2":{"name":"(anonymous_2)","decl":{"start":{"line":61,"column":4},"end":{"line":61,"column":5}},"loc":{"start":{"line":61,"column":39},"end":{"line":64,"column":5}},"line":61},"3":{"name":"(anonymous_3)","decl":{"start":{"line":67,"column":21},"end":{"line":67,"column":22}},"loc":{"start":{"line":67,"column":46},"end":{"line":90,"column":1}},"line":67}},"branchMap":{"0":{"loc":{"start":{"line":18,"column":8},"end":{"line":20,"column":9}},"type":"if","locations":[{"start":{"line":18,"column":8},"end":{"line":20,"column":9}},{"start":{},"end":{}}],"line":18},"1":{"loc":{"start":{"line":22,"column":27},"end":{"line":22,"column":44}},"type":"binary-expr","locations":[{"start":{"line":22,"column":27},"end":{"line":22,"column":37}},{"start":{"line":22,"column":41},"end":{"line":22,"column":44}}],"line":22},"2":{"loc":{"start":{"line":23,"column":24},"end":{"line":25,"column":25}},"type":"cond-expr","locations":[{"start":{"line":24,"column":14},"end":{"line":24,"column":44}},{"start":{"line":25,"column":14},"end":{"line":25,"column":25}}],"line":23},"3":{"loc":{"start":{"line":36,"column":8},"end":{"line":38,"column":9}},"type":"if","locations":[{"start":{"line":36,"column":8},"end":{"line":38,"column":9}},{"start":{},"end":{}}],"line":36},"4":{"loc":{"start":{"line":36,"column":12},"end":{"line":36,"column":48}},"type":"binary-expr","locations":[{"start":{"line":36,"column":12},"end":{"line":36,"column":30}},{"start":{"line":36,"column":34},"end":{"line":36,"column":48}}],"line":36},"5":{"loc":{"start":{"line":44,"column":12},"end":{"line":53,"column":13}},"type":"if","locations":[{"start":{"line":44,"column":12},"end":{"line":53,"column":13}},{"start":{},"end":{}}],"line":44},"6":{"loc":{"start":{"line":61,"column":25},"end":{"line":61,"column":37}},"type":"default-arg","locations":[{"start":{"line":61,"column":34},"end":{"line":61,"column":37}}],"line":61},"7":{"loc":{"start":{"line":70,"column":4},"end":{"line":75,"column":5}},"type":"if","locations":[{"start":{"line":70,"column":4},"end":{"line":75,"column":5}},{"start":{},"end":{}}],"line":70},"8":{"loc":{"start":{"line":77,"column":4},"end":{"line":82,"column":5}},"type":"if","locations":[{"start":{"line":77,"column":4},"end":{"line":82,"column":5}},{"start":{},"end":{}}],"line":77},"9":{"loc":{"start":{"line":86,"column":17},"end":{"line":88,"column":25}},"type":"cond-expr","locations":[{"start":{"line":87,"column":14},"end":{"line":87,"column":44}},{"start":{"line":88,"column":14},"end":{"line":88,"column":25}}],"line":86}},"s":{"0":1,"1":1,"2":2,"3":2,"4":2,"5":0,"6":2,"7":2,"8":2,"9":2,"10":0,"11":0,"12":0,"13":0,"14":0,"15":0,"16":1,"17":1,"18":1,"19":0,"20":0,"21":0,"22":0,"23":0,"24":0,"25":1},"f":{"0":2,"1":0,"2":1,"3":0},"b":{"0":[0,2],"1":[2,1],"2":[1,1],"3":[0,2],"4":[2,1],"5":[0,0],"6":[0],"7":[0,0],"8":[0,0],"9":[0,0]},"inputSourceMap":null,"_coverageSchema":"1a1c01bbd47fc00a2c39e90264f33305004495a9","hash":"e38a98ce6f23f55b01c4b02d904bc32205fba780"}
,"E:\\Coding\\PzBotz\\src\\monitoring\\unifiedMonitor.js": {"path":"E:\\Coding\\PzBotz\\src\\monitoring\\unifiedMonitor.js","statementMap":{"0":{"start":{"line":1,"column":11},"end":{"line":1,"column":24}},"1":{"start":{"line":2,"column":21},"end":{"line":2,"column":38}},"2":{"start":{"line":3,"column":15},"end":{"line":3,"column":43}},"3":{"start":{"line":7,"column":8},"end":{"line":7,"column":16}},"4":{"start":{"line":8,"column":8},"end":{"line":13,"column":10}},"5":{"start":{"line":14,"column":8},"end":{"line":14,"column":26}},"6":{"start":{"line":15,"column":8},"end":{"line":15,"column":44}},"7":{"start":{"line":16,"column":8},"end":{"line":16,"column":39}},"8":{"start":{"line":20,"column":8},"end":{"line":23,"column":11}},"9":{"start":{"line":21,"column":12},"end":{"line":21,"column":51}},"10":{"start":{"line":22,"column":12},"end":{"line":22,"column":43}},"11":{"start":{"line":25,"column":8},"end":{"line":28,"column":11}},"12":{"start":{"line":26,"column":12},"end":{"line":26,"column":54}},"13":{"start":{"line":27,"column":12},"end":{"line":27,"column":42}},"14":{"start":{"line":30,"column":8},"end":{"line":33,"column":11}},"15":{"start":{"line":31,"column":12},"end":{"line":31,"column":51}},"16":{"start":{"line":32,"column":12},"end":{"line":32,"column":42}},"17":{"start":{"line":37,"column":8},"end":{"line":41,"column":18}},"18":{"start":{"line":38,"column":28},"end":{"line":38,"column":55}},"19":{"start":{"line":39,"column":12},"end":{"line":39,"column":42}},"20":{"start":{"line":40,"column":12},"end":{"line":40,"column":42}},"21":{"start":{"line":45,"column":25},"end":{"line":45,"column":49}},"22":{"start":{"line":46,"column":28},"end":{"line":46,"column":49}},"23":{"start":{"line":47,"column":26},"end":{"line":47,"column":48}},"24":{"start":{"line":48,"column":29},"end":{"line":48,"column":57}},"25":{"start":{"line":50,"column":8},"end":{"line":60,"column":10}},"26":{"start":{"line":62,"column":8},"end":{"line":62,"column":28}},"27":{"start":{"line":66,"column":21},"end":{"line":66,"column":30}},"28":{"start":{"line":67,"column":27},"end":{"line":72,"column":14}},"29":{"start":{"line":68,"column":12},"end":{"line":70,"column":15}},"30":{"start":{"line":69,"column":16},"end":{"line":69,"column":63}},"31":{"start":{"line":71,"column":12},"end":{"line":71,"column":23}},"32":{"start":{"line":74,"column":8},"end":{"line":77,"column":10}},"33":{"start":{"line":75,"column":85},"end":{"line":75,"column":90}},"34":{"start":{"line":81,"column":22},"end":{"line":81,"column":35}},"35":{"start":{"line":82,"column":21},"end":{"line":82,"column":33}},"36":{"start":{"line":83,"column":21},"end":{"line":83,"column":33}},"37":{"start":{"line":85,"column":8},"end":{"line":90,"column":10}},"38":{"start":{"line":96,"column":8},"end":{"line":100,"column":10}},"39":{"start":{"line":105,"column":8},"end":{"line":109,"column":10}},"40":{"start":{"line":113,"column":8},"end":{"line":115,"column":9}},"41":{"start":{"line":114,"column":12},"end":{"line":114,"column":67}},"42":{"start":{"line":117,"column":8},"end":{"line":119,"column":9}},"43":{"start":{"line":118,"column":12},"end":{"line":118,"column":78}},"44":{"start":{"line":121,"column":8},"end":{"line":123,"column":9}},"45":{"start":{"line":122,"column":12},"end":{"line":122,"column":69}},"46":{"start":{"line":127,"column":8},"end":{"line":127,"column":103}},"47":{"start":{"line":128,"column":8},"end":{"line":128,"column":95}},"48":{"start":{"line":130,"column":33},"end":{"line":130,"column":68}},"49":{"start":{"line":131,"column":8},"end":{"line":137,"column":9}},"50":{"start":{"line":132,"column":12},"end":{"line":136,"column":13}},"51":{"start":{"line":133,"column":16},"end":{"line":133,"column":41}},"52":{"start":{"line":135,"column":16},"end":{"line":135,"column":91}},"53":{"start":{"line":142,"column":8},"end":{"line":142,"column":44}},"54":{"start":{"line":147,"column":8},"end":{"line":147,"column":45}},"55":{"start":{"line":148,"column":8},"end":{"line":148,"column":33}},"56":{"start":{"line":153,"column":8},"end":{"line":153,"column":46}},"57":{"start":{"line":157,"column":8},"end":{"line":160,"column":9}},"58":{"start":{"line":158,"column":12},"end":{"line":158,"column":51}},"59":{"start":{"line":159,"column":12},"end":{"line":159,"column":43}},"60":{"start":{"line":164,"column":0},"end":{"line":164,"column":32}}},"fnMap":{"0":{"name":"(anonymous_0)","decl":{"start":{"line":6,"column":4},"end":{"line":6,"column":5}},"loc":{"start":{"line":6,"column":18},"end":{"line":17,"column":5}},"line":6},"1":{"name":"(anonymous_1)","decl":{"start":{"line":19,"column":4},"end":{"line":19,"column":5}},"loc":{"start":{"line":19,"column":30},"end":{"line":34,"column":5}},"line":19},"2":{"name":"(anonymous_2)","decl":{"start":{"line":20,"column":43},"end":{"line":20,"column":44}},"loc":{"start":{"line":20,"column":55},"end":{"line":23,"column":9}},"line":20},"3":{"name":"(anonymous_3)","decl":{"start":{"line":25,"column":46},"end":{"line":25,"column":47}},"loc":{"start":{"line":25,"column":58},"end":{"line":28,"column":9}},"line":25},"4":{"name":"(anonymous_4)","decl":{"start":{"line":30,"column":44},"end":{"line":30,"column":45}},"loc":{"start":{"line":30,"column":56},"end":{"line":33,"column":9}},"line":30},"5":{"name":"(anonymous_5)","decl":{"start":{"line":36,"column":4},"end":{"line":36,"column":5}},"loc":{"start":{"line":36,"column":22},"end":{"line":42,"column":5}},"line":36},"6":{"name":"(anonymous_6)","decl":{"start":{"line":37,"column":46},"end":{"line":37,"column":47}},"loc":{"start":{"line":37,"column":58},"end":{"line":41,"column":9}},"line":37},"7":{"name":"(anonymous_7)","decl":{"start":{"line":44,"column":4},"end":{"line":44,"column":5}},"loc":{"start":{"line":44,"column":27},"end":{"line":63,"column":5}},"line":44},"8":{"name":"(anonymous_8)","decl":{"start":{"line":65,"column":4},"end":{"line":65,"column":5}},"loc":{"start":{"line":65,"column":24},"end":{"line":78,"column":5}},"line":65},"9":{"name":"(anonymous_9)","decl":{"start":{"line":67,"column":39},"end":{"line":67,"column":40}},"loc":{"start":{"line":67,"column":53},"end":{"line":72,"column":9}},"line":67},"10":{"name":"(anonymous_10)","decl":{"start":{"line":68,"column":43},"end":{"line":68,"column":44}},"loc":{"start":{"line":68,"column":51},"end":{"line":70,"column":13}},"line":68},"11":{"name":"(anonymous_11)","decl":{"start":{"line":75,"column":75},"end":{"line":75,"column":76}},"loc":{"start":{"line":75,"column":85},"end":{"line":75,"column":90}},"line":75},"12":{"name":"(anonymous_12)","decl":{"start":{"line":80,"column":4},"end":{"line":80,"column":5}},"loc":{"start":{"line":80,"column":21},"end":{"line":91,"column":5}},"line":80},"13":{"name":"(anonymous_13)","decl":{"start":{"line":93,"column":4},"end":{"line":93,"column":5}},"loc":{"start":{"line":93,"column":22},"end":{"line":101,"column":5}},"line":93},"14":{"name":"(anonymous_14)","decl":{"start":{"line":103,"column":4},"end":{"line":103,"column":5}},"loc":{"start":{"line":103,"column":28},"end":{"line":110,"column":5}},"line":103},"15":{"name":"(anonymous_15)","decl":{"start":{"line":112,"column":4},"end":{"line":112,"column":5}},"loc":{"start":{"line":112,"column":29},"end":{"line":124,"column":5}},"line":112},"16":{"name":"(anonymous_16)","decl":{"start":{"line":126,"column":4},"end":{"line":126,"column":5}},"loc":{"start":{"line":126,"column":49},"end":{"line":138,"column":5}},"line":126},"17":{"name":"(anonymous_17)","decl":{"start":{"line":140,"column":4},"end":{"line":140,"column":5}},"loc":{"start":{"line":140,"column":30},"end":{"line":143,"column":5}},"line":140},"18":{"name":"(anonymous_18)","decl":{"start":{"line":145,"column":4},"end":{"line":145,"column":5}},"loc":{"start":{"line":145,"column":29},"end":{"line":149,"column":5}},"line":145},"19":{"name":"(anonymous_19)","decl":{"start":{"line":151,"column":4},"end":{"line":151,"column":5}},"loc":{"start":{"line":151,"column":29},"end":{"line":154,"column":5}},"line":151},"20":{"name":"(anonymous_20)","decl":{"start":{"line":156,"column":4},"end":{"line":156,"column":5}},"loc":{"start":{"line":156,"column":11},"end":{"line":161,"column":5}},"line":156}},"branchMap":{"0":{"loc":{"start":{"line":69,"column":29},"end":{"line":69,"column":43}},"type":"binary-expr","locations":[{"start":{"line":69,"column":29},"end":{"line":69,"column":38}},{"start":{"line":69,"column":42},"end":{"line":69,"column":43}}],"line":69},"1":{"loc":{"start":{"line":113,"column":8},"end":{"line":115,"column":9}},"type":"if","locations":[{"start":{"line":113,"column":8},"end":{"line":115,"column":9}},{"start":{},"end":{}}],"line":113},"2":{"loc":{"start":{"line":117,"column":8},"end":{"line":119,"column":9}},"type":"if","locations":[{"start":{"line":117,"column":8},"end":{"line":119,"column":9}},{"start":{},"end":{}}],"line":117},"3":{"loc":{"start":{"line":121,"column":8},"end":{"line":123,"column":9}},"type":"if","locations":[{"start":{"line":121,"column":8},"end":{"line":123,"column":9}},{"start":{},"end":{}}],"line":121},"4":{"loc":{"start":{"line":131,"column":8},"end":{"line":137,"column":9}},"type":"if","locations":[{"start":{"line":131,"column":8},"end":{"line":137,"column":9}},{"start":{},"end":{}}],"line":131},"5":{"loc":{"start":{"line":148,"column":8},"end":{"line":148,"column":32}},"type":"binary-expr","locations":[{"start":{"line":148,"column":8},"end":{"line":148,"column":17}},{"start":{"line":148,"column":21},"end":{"line":148,"column":32}}],"line":148},"6":{"loc":{"start":{"line":157,"column":8},"end":{"line":160,"column":9}},"type":"if","locations":[{"start":{"line":157,"column":8},"end":{"line":160,"column":9}},{"start":{},"end":{}}],"line":157}},"s":{"0":1,"1":1,"2":1,"3":4,"4":4,"5":4,"6":4,"7":4,"8":4,"9":0,"10":0,"11":4,"12":0,"13":0,"14":4,"15":0,"16":0,"17":0,"18":0,"19":0,"20":0,"21":0,"22":0,"23":0,"24":0,"25":0,"26":0,"27":0,"28":0,"29":0,"30":0,"31":0,"32":0,"33":0,"34":0,"35":0,"36":0,"37":0,"38":0,"39":0,"40":0,"41":0,"42":0,"43":0,"44":0,"45":0,"46":0,"47":0,"48":0,"49":0,"50":0,"51":0,"52":0,"53":0,"54":0,"55":0,"56":0,"57":4,"58":0,"59":0,"60":1},"f":{"0":4,"1":4,"2":0,"3":0,"4":0,"5":0,"6":0,"7":0,"8":0,"9":0,"10":0,"11":0,"12":0,"13":0,"14":0,"15":0,"16":0,"17":0,"18":0,"19":0,"20":4},"b":{"0":[0,0],"1":[0,0],"2":[0,0],"3":[0,0],"4":[0,0],"5":[0,0],"6":[0,4]},"inputSourceMap":null,"_coverageSchema":"1a1c01bbd47fc00a2c39e90264f33305004495a9","hash":"c1b8adab237a4f2d438d7f6fafc0b80835634cf7"}
,"E:\\Coding\\PzBotz\\src\\security\\permissions.js": {"path":"E:\\Coding\\PzBotz\\src\\security\\permissions.js","statementMap":{"0":{"start":{"line":1,"column":14},"end":{"line":5,"column":1}},"1":{"start":{"line":7,"column":20},"end":{"line":12,"column":1}},"2":{"start":{"line":14,"column":24},"end":{"line":19,"column":1}},"3":{"start":{"line":15,"column":4},"end":{"line":17,"column":5}},"4":{"start":{"line":16,"column":8},"end":{"line":16,"column":21}},"5":{"start":{"line":18,"column":4},"end":{"line":18,"column":50}},"6":{"start":{"line":21,"column":29},"end":{"line":29,"column":1}},"7":{"start":{"line":21,"column":41},"end":{"line":29,"column":1}},"8":{"start":{"line":22,"column":4},"end":{"line":27,"column":5}},"9":{"start":{"line":23,"column":8},"end":{"line":26,"column":11}},"10":{"start":{"line":28,"column":4},"end":{"line":28,"column":11}},"11":{"start":{"line":31,"column":0},"end":{"line":31,"column":79}}},"fnMap":{"0":{"name":"(anonymous_0)","decl":{"start":{"line":14,"column":24},"end":{"line":14,"column":25}},"loc":{"start":{"line":14,"column":46},"end":{"line":19,"column":1}},"line":14},"1":{"name":"(anonymous_1)","decl":{"start":{"line":21,"column":29},"end":{"line":21,"column":30}},"loc":{"start":{"line":21,"column":41},"end":{"line":29,"column":1}},"line":21},"2":{"name":"(anonymous_2)","decl":{"start":{"line":21,"column":41},"end":{"line":21,"column":42}},"loc":{"start":{"line":21,"column":61},"end":{"line":29,"column":1}},"line":21}},"branchMap":{"0":{"loc":{"start":{"line":15,"column":4},"end":{"line":17,"column":5}},"type":"if","locations":[{"start":{"line":15,"column":4},"end":{"line":17,"column":5}},{"start":{},"end":{}}],"line":15},"1":{"loc":{"start":{"line":22,"column":4},"end":{"line":27,"column":5}},"type":"if","locations":[{"start":{"line":22,"column":4},"end":{"line":27,"column":5}},{"start":{},"end":{}}],"line":22},"2":{"loc":{"start":{"line":22,"column":8},"end":{"line":22,"column":60}},"type":"binary-expr","locations":[{"start":{"line":22,"column":8},"end":{"line":22,"column":17}},{"start":{"line":22,"column":21},"end":{"line":22,"column":60}}],"line":22}},"s":{"0":1,"1":1,"2":1,"3":7,"4":0,"5":7,"6":1,"7":2,"8":2,"9":1,"10":1,"11":1},"f":{"0":7,"1":2,"2":2},"b":{"0":[0,7],"1":[1,1],"2":[2,2]},"inputSourceMap":null,"_coverageSchema":"1a1c01bbd47fc00a2c39e90264f33305004495a9","hash":"8a0ef6b32bbe5dccc7ba6809ab1899b9e1e58e26"}
,"E:\\Coding\\PzBotz\\src\\security\\tokenManager.js": {"path":"E:\\Coding\\PzBotz\\src\\security\\tokenManager.js","statementMap":{"0":{"start":{"line":1,"column":12},"end":{"line":1,"column":35}},"1":{"start":{"line":2,"column":15},"end":{"line":2,"column":32}},"2":{"start":{"line":3,"column":15},"end":{"line":3,"column":41}},"3":{"start":{"line":7,"column":8},"end":{"line":7,"column":37}},"4":{"start":{"line":8,"column":8},"end":{"line":8,"column":32}},"5":{"start":{"line":9,"column":8},"end":{"line":9,"column":39}},"6":{"start":{"line":10,"column":8},"end":{"line":10,"column":28}},"7":{"start":{"line":11,"column":8},"end":{"line":11,"column":89}},"8":{"start":{"line":15,"column":20},"end":{"line":15,"column":30}},"9":{"start":{"line":16,"column":29},"end":{"line":16,"column":60}},"10":{"start":{"line":19,"column":30},"end":{"line":21,"column":9}},"11":{"start":{"line":20,"column":12},"end":{"line":20,"column":43}},"12":{"start":{"line":23,"column":8},"end":{"line":25,"column":9}},"13":{"start":{"line":24,"column":12},"end":{"line":24,"column":51}},"14":{"start":{"line":27,"column":8},"end":{"line":27,"column":32}},"15":{"start":{"line":28,"column":8},"end":{"line":28,"column":49}},"16":{"start":{"line":30,"column":8},"end":{"line":30,"column":36}},"17":{"start":{"line":34,"column":20},"end":{"line":34,"column":30}},"18":{"start":{"line":35,"column":30},"end":{"line":43,"column":10}},"19":{"start":{"line":36,"column":12},"end":{"line":42,"column":13}},"20":{"start":{"line":37,"column":32},"end":{"line":37,"column":49}},"21":{"start":{"line":38,"column":16},"end":{"line":38,"column":59}},"22":{"start":{"line":40,"column":16},"end":{"line":40,"column":98}},"23":{"start":{"line":41,"column":16},"end":{"line":41,"column":28}},"24":{"start":{"line":45,"column":8},"end":{"line":45,"column":69}},"25":{"start":{"line":45,"column":39},"end":{"line":45,"column":67}},"26":{"start":{"line":46,"column":8},"end":{"line":49,"column":11}},"27":{"start":{"line":53,"column":22},"end":{"line":53,"column":60}},"28":{"start":{"line":54,"column":26},"end":{"line":54,"column":60}},"29":{"start":{"line":56,"column":26},"end":{"line":61,"column":9}},"30":{"start":{"line":63,"column":8},"end":{"line":63,"column":42}},"31":{"start":{"line":64,"column":8},"end":{"line":64,"column":40}},"32":{"start":{"line":68,"column":19},"end":{"line":68,"column":41}},"33":{"start":{"line":69,"column":23},"end":{"line":69,"column":90}},"34":{"start":{"line":70,"column":26},"end":{"line":70,"column":79}},"35":{"start":{"line":71,"column":24},"end":{"line":71,"column":43}},"36":{"start":{"line":73,"column":8},"end":{"line":77,"column":10}},"37":{"start":{"line":81,"column":8},"end":{"line":101,"column":9}},"38":{"start":{"line":82,"column":29},"end":{"line":86,"column":13}},"39":{"start":{"line":88,"column":12},"end":{"line":88,"column":75}},"40":{"start":{"line":89,"column":30},"end":{"line":92,"column":14}},"41":{"start":{"line":94,"column":26},"end":{"line":94,"column":46}},"42":{"start":{"line":95,"column":30},"end":{"line":95,"column":52}},"43":{"start":{"line":97,"column":12},"end":{"line":97,"column":65}},"44":{"start":{"line":99,"column":12},"end":{"line":99,"column":60}},"45":{"start":{"line":100,"column":12},"end":{"line":100,"column":25}},"46":{"start":{"line":105,"column":0},"end":{"line":105,"column":36}}},"fnMap":{"0":{"name":"(anonymous_0)","decl":{"start":{"line":6,"column":4},"end":{"line":6,"column":5}},"loc":{"start":{"line":6,"column":18},"end":{"line":12,"column":5}},"line":6},"1":{"name":"(anonymous_1)","decl":{"start":{"line":14,"column":4},"end":{"line":14,"column":5}},"loc":{"start":{"line":14,"column":58},"end":{"line":31,"column":5}},"line":14},"2":{"name":"(anonymous_2)","decl":{"start":{"line":19,"column":50},"end":{"line":19,"column":51}},"loc":{"start":{"line":20,"column":12},"end":{"line":20,"column":43}},"line":20},"3":{"name":"(anonymous_3)","decl":{"start":{"line":33,"column":4},"end":{"line":33,"column":5}},"loc":{"start":{"line":33,"column":41},"end":{"line":50,"column":5}},"line":33},"4":{"name":"(anonymous_4)","decl":{"start":{"line":35,"column":64},"end":{"line":35,"column":65}},"loc":{"start":{"line":35,"column":73},"end":{"line":43,"column":9}},"line":35},"5":{"name":"(anonymous_5)","decl":{"start":{"line":45,"column":30},"end":{"line":45,"column":31}},"loc":{"start":{"line":45,"column":39},"end":{"line":45,"column":67}},"line":45},"6":{"name":"(anonymous_6)","decl":{"start":{"line":52,"column":4},"end":{"line":52,"column":5}},"loc":{"start":{"line":52,"column":26},"end":{"line":65,"column":5}},"line":52},"7":{"name":"(anonymous_7)","decl":{"start":{"line":67,"column":4},"end":{"line":67,"column":5}},"loc":{"start":{"line":67,"column":24},"end":{"line":78,"column":5}},"line":67},"8":{"name":"(anonymous_8)","decl":{"start":{"line":80,"column":4},"end":{"line":80,"column":5}},"loc":{"start":{"line":80,"column":33},"end":{"line":102,"column":5}},"line":80}},"branchMap":{"0":{"loc":{"start":{"line":11,"column":22},"end":{"line":11,"column":88}},"type":"binary-expr","locations":[{"start":{"line":11,"column":22},"end":{"line":11,"column":46}},{"start":{"line":11,"column":50},"end":{"line":11,"column":88}}],"line":11},"1":{"loc":{"start":{"line":14,"column":30},"end":{"line":14,"column":41}},"type":"default-arg","locations":[{"start":{"line":14,"column":38},"end":{"line":14,"column":41}}],"line":14},"2":{"loc":{"start":{"line":14,"column":43},"end":{"line":14,"column":56}},"type":"default-arg","locations":[{"start":{"line":14,"column":52},"end":{"line":14,"column":56}}],"line":14},"3":{"loc":{"start":{"line":16,"column":29},"end":{"line":16,"column":60}},"type":"binary-expr","locations":[{"start":{"line":16,"column":29},"end":{"line":16,"column":54}},{"start":{"line":16,"column":58},"end":{"line":16,"column":60}}],"line":16},"4":{"loc":{"start":{"line":23,"column":8},"end":{"line":25,"column":9}},"type":"if","locations":[{"start":{"line":23,"column":8},"end":{"line":25,"column":9}},{"start":{},"end":{}}],"line":23},"5":{"loc":{"start":{"line":38,"column":23},"end":{"line":38,"column":58}},"type":"binary-expr","locations":[{"start":{"line":38,"column":23},"end":{"line":38,"column":30}},{"start":{"line":38,"column":34},"end":{"line":38,"column":58}}],"line":38},"6":{"loc":{"start":{"line":97,"column":19},"end":{"line":97,"column":64}},"type":"binary-expr","locations":[{"start":{"line":97,"column":19},"end":{"line":97,"column":28}},{"start":{"line":97,"column":32},"end":{"line":97,"column":64}}],"line":97}},"s":{"0":1,"1":1,"2":1,"3":1,"4":1,"5":1,"6":1,"7":1,"8":0,"9":0,"10":0,"11":0,"12":0,"13":0,"14":0,"15":0,"16":0,"17":0,"18":0,"19":0,"20":0,"21":0,"22":0,"23":0,"24":0,"25":0,"26":0,"27":0,"28":0,"29":0,"30":0,"31":0,"32":0,"33":0,"34":0,"35":0,"36":0,"37":0,"38":0,"39":0,"40":0,"41":0,"42":0,"43":0,"44":0,"45":0,"46":1},"f":{"0":1,"1":0,"2":0,"3":0,"4":0,"5":0,"6":0,"7":0,"8":0},"b":{"0":[1,1],"1":[0],"2":[0],"3":[0,0],"4":[0,0],"5":[0,0],"6":[0,0]},"inputSourceMap":null,"_coverageSchema":"1a1c01bbd47fc00a2c39e90264f33305004495a9","hash":"06b995fd224311b44a6fa7d175da00c2132552ab"}
,"E:\\Coding\\PzBotz\\src\\services\\alertNotifier.js": {"path":"E:\\Coding\\PzBotz\\src\\services\\alertNotifier.js","statementMap":{"0":{"start":{"line":1,"column":21},"end":{"line":1,"column":38}},"1":{"start":{"line":2,"column":15},"end":{"line":2,"column":41}},"2":{"start":{"line":3,"column":25},"end":{"line":3,"column":46}},"3":{"start":{"line":7,"column":8},"end":{"line":7,"column":16}},"4":{"start":{"line":8,"column":8},"end":{"line":8,"column":34}},"5":{"start":{"line":9,"column":8},"end":{"line":13,"column":10}},"6":{"start":{"line":17,"column":8},"end":{"line":17,"column":41}},"7":{"start":{"line":21,"column":8},"end":{"line":30,"column":9}},"8":{"start":{"line":22,"column":12},"end":{"line":22,"column":47}},"9":{"start":{"line":23,"column":12},"end":{"line":23,"column":39}},"10":{"start":{"line":25,"column":12},"end":{"line":27,"column":13}},"11":{"start":{"line":26,"column":16},"end":{"line":26,"column":60}},"12":{"start":{"line":29,"column":12},"end":{"line":29,"column":57}},"13":{"start":{"line":34,"column":24},"end":{"line":34,"column":52}},"14":{"start":{"line":35,"column":8},"end":{"line":35,"column":29}},"15":{"start":{"line":35,"column":22},"end":{"line":35,"column":29}},"16":{"start":{"line":37,"column":22},"end":{"line":43,"column":27}},"17":{"start":{"line":45,"column":8},"end":{"line":45,"column":48}},"18":{"start":{"line":54,"column":27},"end":{"line":54,"column":99}},"19":{"start":{"line":55,"column":8},"end":{"line":55,"column":32}},"20":{"start":{"line":59,"column":0},"end":{"line":59,"column":37}}},"fnMap":{"0":{"name":"(anonymous_0)","decl":{"start":{"line":6,"column":4},"end":{"line":6,"column":5}},"loc":{"start":{"line":6,"column":18},"end":{"line":14,"column":5}},"line":6},"1":{"name":"(anonymous_1)","decl":{"start":{"line":16,"column":4},"end":{"line":16,"column":5}},"loc":{"start":{"line":16,"column":30},"end":{"line":18,"column":5}},"line":16},"2":{"name":"(anonymous_2)","decl":{"start":{"line":20,"column":4},"end":{"line":20,"column":5}},"loc":{"start":{"line":20,"column":24},"end":{"line":31,"column":5}},"line":20},"3":{"name":"(anonymous_3)","decl":{"start":{"line":33,"column":4},"end":{"line":33,"column":5}},"loc":{"start":{"line":33,"column":34},"end":{"line":46,"column":5}},"line":33},"4":{"name":"(anonymous_4)","decl":{"start":{"line":48,"column":4},"end":{"line":48,"column":5}},"loc":{"start":{"line":48,"column":43},"end":{"line":51,"column":5}},"line":48},"5":{"name":"(anonymous_5)","decl":{"start":{"line":53,"column":4},"end":{"line":53,"column":5}},"loc":{"start":{"line":53,"column":20},"end":{"line":56,"column":5}},"line":53}},"branchMap":{"0":{"loc":{"start":{"line":25,"column":12},"end":{"line":27,"column":13}},"type":"if","locations":[{"start":{"line":25,"column":12},"end":{"line":27,"column":13}},{"start":{},"end":{}}],"line":25},"1":{"loc":{"start":{"line":35,"column":8},"end":{"line":35,"column":29}},"type":"if","locations":[{"start":{"line":35,"column":8},"end":{"line":35,"column":29}},{"start":{},"end":{}}],"line":35}},"s":{"0":1,"1":1,"2":1,"3":1,"4":1,"5":1,"6":0,"7":0,"8":0,"9":0,"10":0,"11":0,"12":0,"13":0,"14":0,"15":0,"16":0,"17":0,"18":0,"19":0,"20":1},"f":{"0":1,"1":0,"2":0,"3":0,"4":0,"5":0},"b":{"0":[0,0],"1":[0,0]},"inputSourceMap":null,"_coverageSchema":"1a1c01bbd47fc00a2c39e90264f33305004495a9","hash":"379ad096010ec05968814a23da0d602cd67c5f2a"}
,"E:\\Coding\\PzBotz\\src\\services\\alerts\\alertManager.js": {"path":"E:\\Coding\\PzBotz\\src\\services\\alerts\\alertManager.js","statementMap":{"0":{"start":{"line":1,"column":21},"end":{"line":1,"column":38}},"1":{"start":{"line":2,"column":15},"end":{"line":2,"column":44}},"2":{"start":{"line":6,"column":8},"end":{"line":6,"column":16}},"3":{"start":{"line":7,"column":8},"end":{"line":11,"column":11}},"4":{"start":{"line":12,"column":8},"end":{"line":12,"column":38}},"5":{"start":{"line":16,"column":26},"end":{"line":16,"column":53}},"6":{"start":{"line":17,"column":8},"end":{"line":17,"column":36}},"7":{"start":{"line":17,"column":24},"end":{"line":17,"column":36}},"8":{"start":{"line":19,"column":8},"end":{"line":19,"column":59}},"9":{"start":{"line":19,"column":41},"end":{"line":19,"column":59}},"10":{"start":{"line":20,"column":8},"end":{"line":20,"column":57}},"11":{"start":{"line":20,"column":40},"end":{"line":20,"column":57}},"12":{"start":{"line":21,"column":8},"end":{"line":21,"column":20}},"13":{"start":{"line":25,"column":25},"end":{"line":25,"column":59}},"14":{"start":{"line":26,"column":8},"end":{"line":29,"column":9}},"15":{"start":{"line":27,"column":12},"end":{"line":27,"column":36}},"16":{"start":{"line":28,"column":12},"end":{"line":28,"column":19}},"17":{"start":{"line":31,"column":22},"end":{"line":36,"column":9}},"18":{"start":{"line":38,"column":8},"end":{"line":38,"column":31}},"19":{"start":{"line":42,"column":8},"end":{"line":42,"column":51}},"20":{"start":{"line":43,"column":8},"end":{"line":43,"column":34}},"21":{"start":{"line":44,"column":8},"end":{"line":44,"column":84}},"22":{"start":{"line":48,"column":8},"end":{"line":51,"column":9}},"23":{"start":{"line":49,"column":12},"end":{"line":49,"column":45}},"24":{"start":{"line":50,"column":12},"end":{"line":50,"column":46}},"25":{"start":{"line":55,"column":0},"end":{"line":55,"column":36}}},"fnMap":{"0":{"name":"(anonymous_0)","decl":{"start":{"line":5,"column":4},"end":{"line":5,"column":5}},"loc":{"start":{"line":5,"column":18},"end":{"line":13,"column":5}},"line":5},"1":{"name":"(anonymous_1)","decl":{"start":{"line":15,"column":4},"end":{"line":15,"column":5}},"loc":{"start":{"line":15,"column":34},"end":{"line":22,"column":5}},"line":15},"2":{"name":"(anonymous_2)","decl":{"start":{"line":24,"column":4},"end":{"line":24,"column":5}},"loc":{"start":{"line":24,"column":38},"end":{"line":39,"column":5}},"line":24},"3":{"name":"(anonymous_3)","decl":{"start":{"line":41,"column":4},"end":{"line":41,"column":5}},"loc":{"start":{"line":41,"column":22},"end":{"line":45,"column":5}},"line":41},"4":{"name":"(anonymous_4)","decl":{"start":{"line":47,"column":4},"end":{"line":47,"column":5}},"loc":{"start":{"line":47,"column":23},"end":{"line":52,"column":5}},"line":47}},"branchMap":{"0":{"loc":{"start":{"line":17,"column":8},"end":{"line":17,"column":36}},"type":"if","locations":[{"start":{"line":17,"column":8},"end":{"line":17,"column":36}},{"start":{},"end":{}}],"line":17},"1":{"loc":{"start":{"line":19,"column":8},"end":{"line":19,"column":59}},"type":"if","locations":[{"start":{"line":19,"column":8},"end":{"line":19,"column":59}},{"start":{},"end":{}}],"line":19},"2":{"loc":{"start":{"line":20,"column":8},"end":{"line":20,"column":57}},"type":"if","locations":[{"start":{"line":20,"column":8},"end":{"line":20,"column":57}},{"start":{},"end":{}}],"line":20},"3":{"loc":{"start":{"line":26,"column":8},"end":{"line":29,"column":9}},"type":"if","locations":[{"start":{"line":26,"column":8},"end":{"line":29,"column":9}},{"start":{},"end":{}}],"line":26},"4":{"loc":{"start":{"line":48,"column":8},"end":{"line":51,"column":9}},"type":"if","locations":[{"start":{"line":48,"column":8},"end":{"line":51,"column":9}},{"start":{},"end":{}}],"line":48}},"s":{"0":2,"1":2,"2":2,"3":2,"4":2,"5":0,"6":0,"7":0,"8":0,"9":0,"10":0,"11":0,"12":0,"13":0,"14":0,"15":0,"16":0,"17":0,"18":0,"19":0,"20":0,"21":0,"22":0,"23":0,"24":0,"25":2},"f":{"0":2,"1":0,"2":0,"3":0,"4":0},"b":{"0":[0,0],"1":[0,0],"2":[0,0],"3":[0,0],"4":[0,0]},"inputSourceMap":null,"_coverageSchema":"1a1c01bbd47fc00a2c39e90264f33305004495a9","hash":"dcc5a676aac25ba3c3f8d251c6100c9ecf4772fa"}
,"E:\\Coding\\PzBotz\\src\\services\\metrics\\metricCollector.js": {"path":"E:\\Coding\\PzBotz\\src\\services\\metrics\\metricCollector.js","statementMap":{"0":{"start":{"line":1,"column":21},"end":{"line":1,"column":38}},"1":{"start":{"line":2,"column":11},"end":{"line":2,"column":24}},"2":{"start":{"line":3,"column":15},"end":{"line":3,"column":44}},"3":{"start":{"line":7,"column":8},"end":{"line":7,"column":16}},"4":{"start":{"line":8,"column":8},"end":{"line":8,"column":33}},"5":{"start":{"line":9,"column":8},"end":{"line":13,"column":11}},"6":{"start":{"line":17,"column":8},"end":{"line":19,"column":9}},"7":{"start":{"line":18,"column":12},"end":{"line":18,"column":60}},"8":{"start":{"line":18,"column":30},"end":{"line":18,"column":48}},"9":{"start":{"line":20,"column":8},"end":{"line":20,"column":49}},"10":{"start":{"line":24,"column":8},"end":{"line":33,"column":9}},"11":{"start":{"line":25,"column":25},"end":{"line":25,"column":95}},"12":{"start":{"line":26,"column":12},"end":{"line":29,"column":15}},"13":{"start":{"line":30,"column":12},"end":{"line":30,"column":58}},"14":{"start":{"line":32,"column":12},"end":{"line":32,"column":70}},"15":{"start":{"line":37,"column":8},"end":{"line":45,"column":10}},"16":{"start":{"line":49,"column":8},"end":{"line":49,"column":80}},"17":{"start":{"line":53,"column":0},"end":{"line":53,"column":39}}},"fnMap":{"0":{"name":"(anonymous_0)","decl":{"start":{"line":6,"column":4},"end":{"line":6,"column":5}},"loc":{"start":{"line":6,"column":18},"end":{"line":14,"column":5}},"line":6},"1":{"name":"(anonymous_1)","decl":{"start":{"line":16,"column":4},"end":{"line":16,"column":5}},"loc":{"start":{"line":16,"column":28},"end":{"line":21,"column":5}},"line":16},"2":{"name":"(anonymous_2)","decl":{"start":{"line":18,"column":24},"end":{"line":18,"column":25}},"loc":{"start":{"line":18,"column":30},"end":{"line":18,"column":48}},"line":18},"3":{"name":"(anonymous_3)","decl":{"start":{"line":23,"column":4},"end":{"line":23,"column":5}},"loc":{"start":{"line":23,"column":24},"end":{"line":34,"column":5}},"line":23},"4":{"name":"(anonymous_4)","decl":{"start":{"line":36,"column":4},"end":{"line":36,"column":5}},"loc":{"start":{"line":36,"column":26},"end":{"line":46,"column":5}},"line":36},"5":{"name":"(anonymous_5)","decl":{"start":{"line":48,"column":4},"end":{"line":48,"column":5}},"loc":{"start":{"line":48,"column":21},"end":{"line":50,"column":5}},"line":48}},"branchMap":{"0":{"loc":{"start":{"line":49,"column":15},"end":{"line":49,"column":79}},"type":"cond-expr","locations":[{"start":{"line":49,"column":22},"end":{"line":49,"column":44}},{"start":{"line":49,"column":47},"end":{"line":49,"column":79}}],"line":49}},"s":{"0":3,"1":3,"2":3,"3":3,"4":3,"5":3,"6":0,"7":0,"8":0,"9":0,"10":0,"11":0,"12":0,"13":0,"14":0,"15":0,"16":1,"17":3},"f":{"0":3,"1":0,"2":0,"3":0,"4":0,"5":1},"b":{"0":[0,1]},"inputSourceMap":null,"_coverageSchema":"1a1c01bbd47fc00a2c39e90264f33305004495a9","hash":"23f99add7cda5154ecb53edb32677a6c8001e85d"}
,"E:\\Coding\\PzBotz\\src\\services\\recovery\\recoveryManager.js": {"path":"E:\\Coding\\PzBotz\\src\\services\\recovery\\recoveryManager.js","statementMap":{"0":{"start":{"line":1,"column":11},"end":{"line":1,"column":33}},"1":{"start":{"line":2,"column":13},"end":{"line":2,"column":28}},"2":{"start":{"line":3,"column":15},"end":{"line":3,"column":44}},"3":{"start":{"line":7,"column":8},"end":{"line":11,"column":11}},"4":{"start":{"line":15,"column":25},"end":{"line":15,"column":64}},"5":{"start":{"line":16,"column":8},"end":{"line":19,"column":9}},"6":{"start":{"line":17,"column":12},"end":{"line":17,"column":77}},"7":{"start":{"line":18,"column":12},"end":{"line":18,"column":25}},"8":{"start":{"line":21,"column":8},"end":{"line":27,"column":9}},"9":{"start":{"line":22,"column":12},"end":{"line":22,"column":45}},"10":{"start":{"line":23,"column":12},"end":{"line":23,"column":24}},"11":{"start":{"line":25,"column":12},"end":{"line":25,"column":60}},"12":{"start":{"line":26,"column":12},"end":{"line":26,"column":25}},"13":{"start":{"line":31,"column":26},"end":{"line":31,"column":72}},"14":{"start":{"line":32,"column":29},"end":{"line":32,"column":76}},"15":{"start":{"line":34,"column":8},"end":{"line":34,"column":58}},"16":{"start":{"line":35,"column":8},"end":{"line":35,"column":53}},"17":{"start":{"line":36,"column":8},"end":{"line":36,"column":44}},"18":{"start":{"line":38,"column":8},"end":{"line":38,"column":28}},"19":{"start":{"line":42,"column":8},"end":{"line":44,"column":9}},"20":{"start":{"line":42,"column":51},"end":{"line":42,"column":55}},"21":{"start":{"line":42,"column":69},"end":{"line":42,"column":74}},"22":{"start":{"line":43,"column":12},"end":{"line":43,"column":56}},"23":{"start":{"line":46,"column":8},"end":{"line":46,"column":51}},"24":{"start":{"line":47,"column":8},"end":{"line":47,"column":42}},"25":{"start":{"line":51,"column":0},"end":{"line":51,"column":39}}},"fnMap":{"0":{"name":"(anonymous_0)","decl":{"start":{"line":6,"column":4},"end":{"line":6,"column":5}},"loc":{"start":{"line":6,"column":18},"end":{"line":12,"column":5}},"line":6},"1":{"name":"(anonymous_1)","decl":{"start":{"line":14,"column":4},"end":{"line":14,"column":5}},"loc":{"start":{"line":14,"column":25},"end":{"line":28,"column":5}},"line":14},"2":{"name":"(anonymous_2)","decl":{"start":{"line":30,"column":4},"end":{"line":30,"column":5}},"loc":{"start":{"line":30,"column":32},"end":{"line":39,"column":5}},"line":30},"3":{"name":"(anonymous_3)","decl":{"start":{"line":41,"column":4},"end":{"line":41,"column":5}},"loc":{"start":{"line":41,"column":38},"end":{"line":48,"column":5}},"line":41},"4":{"name":"(anonymous_4)","decl":{"start":{"line":42,"column":45},"end":{"line":42,"column":46}},"loc":{"start":{"line":42,"column":51},"end":{"line":42,"column":55}},"line":42},"5":{"name":"(anonymous_5)","decl":{"start":{"line":42,"column":63},"end":{"line":42,"column":64}},"loc":{"start":{"line":42,"column":69},"end":{"line":42,"column":74}},"line":42}},"branchMap":{"0":{"loc":{"start":{"line":16,"column":8},"end":{"line":19,"column":9}},"type":"if","locations":[{"start":{"line":16,"column":8},"end":{"line":19,"column":9}},{"start":{},"end":{}}],"line":16},"1":{"loc":{"start":{"line":42,"column":8},"end":{"line":44,"column":9}},"type":"if","locations":[{"start":{"line":42,"column":8},"end":{"line":44,"column":9}},{"start":{},"end":{}}],"line":42}},"s":{"0":2,"1":2,"2":2,"3":2,"4":0,"5":0,"6":0,"7":0,"8":0,"9":0,"10":0,"11":0,"12":0,"13":0,"14":0,"15":0,"16":0,"17":0,"18":0,"19":0,"20":0,"21":0,"22":0,"23":0,"24":0,"25":2},"f":{"0":2,"1":0,"2":0,"3":0,"4":0,"5":0},"b":{"0":[0,0],"1":[0,0]},"inputSourceMap":null,"_coverageSchema":"1a1c01bbd47fc00a2c39e90264f33305004495a9","hash":"62be7f99691962091ed432ff870aa53fe74f3c35"}
,"E:\\Coding\\PzBotz\\src\\services\\security\\securityManager.js": {"path":"E:\\Coding\\PzBotz\\src\\services\\security\\securityManager.js","statementMap":{"0":{"start":{"line":1,"column":15},"end":{"line":1,"column":32}},"1":{"start":{"line":2,"column":15},"end":{"line":2,"column":44}},"2":{"start":{"line":6,"column":8},"end":{"line":6,"column":40}},"3":{"start":{"line":7,"column":8},"end":{"line":7,"column":36}},"4":{"start":{"line":8,"column":8},"end":{"line":8,"column":39}},"5":{"start":{"line":9,"column":8},"end":{"line":9,"column":62}},"6":{"start":{"line":13,"column":8},"end":{"line":15,"column":9}},"7":{"start":{"line":14,"column":12},"end":{"line":14,"column":45}},"8":{"start":{"line":17,"column":8},"end":{"line":20,"column":9}},"9":{"start":{"line":18,"column":12},"end":{"line":18,"column":49}},"10":{"start":{"line":19,"column":12},"end":{"line":19,"column":45}},"11":{"start":{"line":22,"column":8},"end":{"line":22,"column":45}},"12":{"start":{"line":26,"column":25},"end":{"line":26,"column":63}},"13":{"start":{"line":27,"column":8},"end":{"line":27,"column":46}},"14":{"start":{"line":29,"column":8},"end":{"line":31,"column":9}},"15":{"start":{"line":30,"column":12},"end":{"line":30,"column":29}},"16":{"start":{"line":35,"column":8},"end":{"line":35,"column":32}},"17":{"start":{"line":36,"column":8},"end":{"line":36,"column":73}},"18":{"start":{"line":37,"column":8},"end":{"line":37,"column":54}},"19":{"start":{"line":37,"column":25},"end":{"line":37,"column":43}},"20":{"start":{"line":41,"column":8},"end":{"line":41,"column":35}},"21":{"start":{"line":42,"column":8},"end":{"line":42,"column":39}},"22":{"start":{"line":46,"column":8},"end":{"line":46,"column":39}},"23":{"start":{"line":50,"column":19},"end":{"line":50,"column":41}},"24":{"start":{"line":51,"column":23},"end":{"line":51,"column":79}},"25":{"start":{"line":52,"column":26},"end":{"line":52,"column":79}},"26":{"start":{"line":53,"column":8},"end":{"line":56,"column":10}},"27":{"start":{"line":60,"column":0},"end":{"line":60,"column":39}}},"fnMap":{"0":{"name":"(anonymous_0)","decl":{"start":{"line":5,"column":4},"end":{"line":5,"column":5}},"loc":{"start":{"line":5,"column":18},"end":{"line":10,"column":5}},"line":5},"1":{"name":"(anonymous_1)","decl":{"start":{"line":12,"column":4},"end":{"line":12,"column":5}},"loc":{"start":{"line":12,"column":42},"end":{"line":23,"column":5}},"line":12},"2":{"name":"(anonymous_2)","decl":{"start":{"line":25,"column":4},"end":{"line":25,"column":5}},"loc":{"start":{"line":25,"column":28},"end":{"line":32,"column":5}},"line":25},"3":{"name":"(anonymous_3)","decl":{"start":{"line":34,"column":4},"end":{"line":34,"column":5}},"loc":{"start":{"line":34,"column":16},"end":{"line":38,"column":5}},"line":34},"4":{"name":"(anonymous_4)","decl":{"start":{"line":37,"column":19},"end":{"line":37,"column":20}},"loc":{"start":{"line":37,"column":25},"end":{"line":37,"column":43}},"line":37},"5":{"name":"(anonymous_5)","decl":{"start":{"line":40,"column":4},"end":{"line":40,"column":5}},"loc":{"start":{"line":40,"column":18},"end":{"line":43,"column":5}},"line":40},"6":{"name":"(anonymous_6)","decl":{"start":{"line":45,"column":4},"end":{"line":45,"column":5}},"loc":{"start":{"line":45,"column":20},"end":{"line":47,"column":5}},"line":45},"7":{"name":"(anonymous_7)","decl":{"start":{"line":49,"column":4},"end":{"line":49,"column":5}},"loc":{"start":{"line":49,"column":24},"end":{"line":57,"column":5}},"line":49}},"branchMap":{"0":{"loc":{"start":{"line":13,"column":8},"end":{"line":15,"column":9}},"type":"if","locations":[{"start":{"line":13,"column":8},"end":{"line":15,"column":9}},{"start":{},"end":{}}],"line":13},"1":{"loc":{"start":{"line":17,"column":8},"end":{"line":20,"column":9}},"type":"if","locations":[{"start":{"line":17,"column":8},"end":{"line":20,"column":9}},{"start":{},"end":{}}],"line":17},"2":{"loc":{"start":{"line":26,"column":26},"end":{"line":26,"column":58}},"type":"binary-expr","locations":[{"start":{"line":26,"column":26},"end":{"line":26,"column":53}},{"start":{"line":26,"column":57},"end":{"line":26,"column":58}}],"line":26},"3":{"loc":{"start":{"line":29,"column":8},"end":{"line":31,"column":9}},"type":"if","locations":[{"start":{"line":29,"column":8},"end":{"line":31,"column":9}},{"start":{},"end":{}}],"line":29}},"s":{"0":2,"1":2,"2":2,"3":2,"4":2,"5":2,"6":0,"7":0,"8":0,"9":0,"10":0,"11":0,"12":0,"13":0,"14":0,"15":0,"16":0,"17":0,"18":0,"19":0,"20":0,"21":0,"22":0,"23":0,"24":0,"25":0,"26":0,"27":2},"f":{"0":2,"1":0,"2":0,"3":0,"4":0,"5":0,"6":0,"7":0},"b":{"0":[0,0],"1":[0,0],"2":[0,0],"3":[0,0]},"inputSourceMap":null,"_coverageSchema":"1a1c01bbd47fc00a2c39e90264f33305004495a9","hash":"2ba71e431ff90a5d0827e39008e42c44386de2b3"}
,"E:\\Coding\\PzBotz\\src\\utils\\logger": {"path":"E:\\Coding\\PzBotz\\src\\utils\\logger","statementMap":{"0":{"start":{"line":1,"column":16},"end":{"line":1,"column":34}},"1":{"start":{"line":3,"column":15},"end":{"line":13,"column":2}}},"fnMap":{},"branchMap":{},"s":{"0":6,"1":6},"f":{},"b":{},"inputSourceMap":null,"_coverageSchema":"1a1c01bbd47fc00a2c39e90264f33305004495a9","hash":"7d23c51643bd75c7dc965c3a9fd65e613b11c85a"}
,"E:\\Coding\\PzBotz\\src\\visualization\\metricVisualizer.js": {"path":"E:\\Coding\\PzBotz\\src\\visualization\\metricVisualizer.js","statementMap":{"0":{"start":{"line":1,"column":30},"end":{"line":1,"column":60}},"1":{"start":{"line":2,"column":13},"end":{"line":2,"column":28}},"2":{"start":{"line":3,"column":11},"end":{"line":3,"column":33}},"3":{"start":{"line":4,"column":15},"end":{"line":4,"column":41}},"4":{"start":{"line":8,"column":8},"end":{"line":12,"column":11}},"5":{"start":{"line":13,"column":8},"end":{"line":13,"column":69}},"6":{"start":{"line":14,"column":8},"end":{"line":14,"column":26}},"7":{"start":{"line":18,"column":8},"end":{"line":18,"column":61}},"8":{"start":{"line":22,"column":23},"end":{"line":47,"column":9}},"9":{"start":{"line":25,"column":41},"end":{"line":25,"column":83}},"10":{"start":{"line":29,"column":47},"end":{"line":29,"column":52}},"11":{"start":{"line":34,"column":47},"end":{"line":34,"column":67}},"12":{"start":{"line":49,"column":8},"end":{"line":49,"column":64}},"13":{"start":{"line":53,"column":25},"end":{"line":53,"column":52}},"14":{"start":{"line":54,"column":8},"end":{"line":54,"column":73}},"15":{"start":{"line":55,"column":8},"end":{"line":55,"column":24}},"16":{"start":{"line":59,"column":0},"end":{"line":59,"column":40}}},"fnMap":{"0":{"name":"(anonymous_0)","decl":{"start":{"line":7,"column":4},"end":{"line":7,"column":5}},"loc":{"start":{"line":7,"column":18},"end":{"line":15,"column":5}},"line":7},"1":{"name":"(anonymous_1)","decl":{"start":{"line":17,"column":4},"end":{"line":17,"column":5}},"loc":{"start":{"line":17,"column":23},"end":{"line":19,"column":5}},"line":17},"2":{"name":"(anonymous_2)","decl":{"start":{"line":21,"column":4},"end":{"line":21,"column":5}},"loc":{"start":{"line":21,"column":63},"end":{"line":50,"column":5}},"line":21},"3":{"name":"(anonymous_3)","decl":{"start":{"line":25,"column":36},"end":{"line":25,"column":37}},"loc":{"start":{"line":25,"column":41},"end":{"line":25,"column":83}},"line":25},"4":{"name":"(anonymous_4)","decl":{"start":{"line":29,"column":42},"end":{"line":29,"column":43}},"loc":{"start":{"line":29,"column":47},"end":{"line":29,"column":52}},"line":29},"5":{"name":"(anonymous_5)","decl":{"start":{"line":34,"column":42},"end":{"line":34,"column":43}},"loc":{"start":{"line":34,"column":47},"end":{"line":34,"column":67}},"line":34},"6":{"name":"(anonymous_6)","decl":{"start":{"line":52,"column":4},"end":{"line":52,"column":5}},"loc":{"start":{"line":52,"column":34},"end":{"line":56,"column":5}},"line":52}},"branchMap":{"0":{"loc":{"start":{"line":21,"column":44},"end":{"line":21,"column":61}},"type":"default-arg","locations":[{"start":{"line":21,"column":56},"end":{"line":21,"column":61}}],"line":21}},"s":{"0":1,"1":1,"2":1,"3":1,"4":1,"5":1,"6":1,"7":1,"8":1,"9":0,"10":0,"11":0,"12":0,"13":0,"14":0,"15":0,"16":1},"f":{"0":1,"1":1,"2":1,"3":0,"4":0,"5":0,"6":0},"b":{"0":[1]},"inputSourceMap":null,"_coverageSchema":"1a1c01bbd47fc00a2c39e90264f33305004495a9","hash":"98bad13ab599a572d652734dfcb9ac1c67d8edb3"}
}
