{"E:\\Coding\\PzBotz\\src\\components\\App.tsx": {"path":"E:\\Coding\\PzBotz\\src\\components\\App.tsx","statementMap":{"0":{"start":{"line":3,"column":0},"end":{"line":3,"column":48}},"1":{"start":{"line":9,"column":39},"end":{"line":17,"column":1}},"2":{"start":{"line":10,"column":2},"end":{"line":16,"column":4}},"3":{"start":{"line":9,"column":13},"end":{"line":9,"column":39}}},"fnMap":{"0":{"name":"(anonymous_0)","decl":{"start":{"line":9,"column":39},"end":{"line":9,"column":40}},"loc":{"start":{"line":9,"column":56},"end":{"line":17,"column":1}}}},"branchMap":{},"s":{"0":0,"1":0,"2":0,"3":0},"f":{"0":0},"b":{}}
,"E:\\Coding\\PzBotz\\src\\components\\PerformanceGraph.tsx": {"path":"E:\\Coding\\PzBotz\\src\\components\\PerformanceGraph.tsx","statementMap":{"0":{"start":{"line":2,"column":0},"end":{"line":2,"column":39}},"1":{"start":{"line":4,"column":0},"end":{"line":4,"column":44}},"2":{"start":{"line":12,"column":32},"end":{"line":49,"column":1}},"3":{"start":{"line":13,"column":48},"end":{"line":13,"column":79}},"4":{"start":{"line":15,"column":2},"end":{"line":24,"column":9}},"5":{"start":{"line":16,"column":27},"end":{"line":21,"column":12}},"6":{"start":{"line":18,"column":6},"end":{"line":20,"column":9}},"7":{"start":{"line":19,"column":8},"end":{"line":19,"column":66}},"8":{"start":{"line":19,"column":35},"end":{"line":19,"column":64}},"9":{"start":{"line":23,"column":4},"end":{"line":23,"column":47}},"10":{"start":{"line":23,"column":17},"end":{"line":23,"column":46}},"11":{"start":{"line":26,"column":20},"end":{"line":42,"column":4}},"12":{"start":{"line":27,"column":37},"end":{"line":27,"column":79}},"13":{"start":{"line":31,"column":39},"end":{"line":31,"column":49}},"14":{"start":{"line":37,"column":39},"end":{"line":37,"column":52}},"15":{"start":{"line":44,"column":2},"end":{"line":48,"column":4}},"16":{"start":{"line":12,"column":13},"end":{"line":12,"column":32}},"17":{"start":{"line":53,"column":2},"end":{"line":57,"column":4}}},"fnMap":{"0":{"name":"(anonymous_0)","decl":{"start":{"line":12,"column":32},"end":{"line":12,"column":35}},"loc":{"start":{"line":12,"column":37},"end":{"line":49,"column":1}}},"1":{"name":"(anonymous_1)","decl":{"start":{"line":15,"column":12},"end":{"line":15,"column":15}},"loc":{"start":{"line":15,"column":17},"end":{"line":24,"column":3}}},"2":{"name":"(anonymous_2)","decl":{"start":{"line":16,"column":39},"end":{"line":16,"column":42}},"loc":{"start":{"line":16,"column":44},"end":{"line":21,"column":5}}},"3":{"name":"(anonymous_3)","decl":{"start":{"line":18,"column":34},"end":{"line":18,"column":41}},"loc":{"start":{"line":18,"column":44},"end":{"line":20,"column":7}}},"4":{"name":"(anonymous_4)","decl":{"start":{"line":19,"column":27},"end":{"line":19,"column":31}},"loc":{"start":{"line":19,"column":35},"end":{"line":19,"column":64}}},"5":{"name":"(anonymous_5)","decl":{"start":{"line":23,"column":11},"end":{"line":23,"column":14}},"loc":{"start":{"line":23,"column":17},"end":{"line":23,"column":46}}},"6":{"name":"(anonymous_6)","decl":{"start":{"line":27,"column":32},"end":{"line":27,"column":33}},"loc":{"start":{"line":27,"column":37},"end":{"line":27,"column":79}}},"7":{"name":"(anonymous_7)","decl":{"start":{"line":31,"column":34},"end":{"line":31,"column":35}},"loc":{"start":{"line":31,"column":39},"end":{"line":31,"column":49}}},"8":{"name":"(anonymous_8)","decl":{"start":{"line":37,"column":34},"end":{"line":37,"column":35}},"loc":{"start":{"line":37,"column":39},"end":{"line":37,"column":52}}},"9":{"name":"fetchPerformanceData","decl":{"start":{"line":51,"column":15},"end":{"line":51,"column":35}},"loc":{"start":{"line":51,"column":35},"end":{"line":58,"column":1}}}},"branchMap":{},"s":{"0":0,"1":0,"2":0,"3":0,"4":0,"5":0,"6":0,"7":0,"8":0,"9":0,"10":0,"11":0,"12":0,"13":0,"14":0,"15":0,"16":0,"17":0},"f":{"0":0,"1":0,"2":0,"3":0,"4":0,"5":0,"6":0,"7":0,"8":0,"9":0},"b":{}}
,"E:\\Coding\\PzBotz\\src\\dashboard\\components\\ErrorList.tsx": {"path":"E:\\Coding\\PzBotz\\src\\dashboard\\components\\ErrorList.tsx","statementMap":{"0":{"start":{"line":2,"column":0},"end":{"line":2,"column":66}},"1":{"start":{"line":13,"column":44},"end":{"line":45,"column":1}},"2":{"start":{"line":14,"column":31},"end":{"line":14,"column":48}},"3":{"start":{"line":16,"column":24},"end":{"line":19,"column":3}},"4":{"start":{"line":18,"column":4},"end":{"line":18,"column":60}},"5":{"start":{"line":21,"column":2},"end":{"line":44,"column":4}},"6":{"start":{"line":29,"column":12},"end":{"line":29,"column":31}},"7":{"start":{"line":35,"column":39},"end":{"line":35,"column":62}},"8":{"start":{"line":47,"column":0},"end":{"line":47,"column":25}}},"fnMap":{"0":{"name":"(anonymous_0)","decl":{"start":{"line":13,"column":44},"end":{"line":13,"column":45}},"loc":{"start":{"line":13,"column":59},"end":{"line":45,"column":1}}},"1":{"name":"(anonymous_1)","decl":{"start":{"line":16,"column":24},"end":{"line":16,"column":25}},"loc":{"start":{"line":16,"column":39},"end":{"line":19,"column":3}}},"2":{"name":"(anonymous_2)","decl":{"start":{"line":28,"column":22},"end":{"line":28,"column":27}},"loc":{"start":{"line":29,"column":12},"end":{"line":29,"column":31}}},"3":{"name":"(anonymous_3)","decl":{"start":{"line":35,"column":33},"end":{"line":35,"column":36}},"loc":{"start":{"line":35,"column":39},"end":{"line":35,"column":62}}}},"branchMap":{"0":{"loc":{"start":{"line":24,"column":7},"end":{"line":41,"column":null}},"type":"cond-expr","locations":[{"start":{"line":25,"column":8},"end":{"line":25,"column":35}},{"start":{"line":27,"column":8},"end":{"line":40,"column":null}}]},"1":{"loc":{"start":{"line":29,"column":42},"end":{"line":29,"column":74}},"type":"cond-expr","locations":[{"start":{"line":29,"column":59},"end":{"line":29,"column":69}},{"start":{"line":29,"column":72},"end":{"line":29,"column":74}}]},"2":{"loc":{"start":{"line":34,"column":15},"end":{"line":37,"column":null}},"type":"binary-expr","locations":[{"start":{"line":34,"column":15},"end":{"line":34,"column":30}},{"start":{"line":35,"column":16},"end":{"line":35,"column":null}}]}},"s":{"0":0,"1":0,"2":0,"3":0,"4":0,"5":0,"6":0,"7":0,"8":0},"f":{"0":0,"1":0,"2":0,"3":0},"b":{"0":[0,0],"1":[0,0],"2":[0,0]}}
,"E:\\Coding\\PzBotz\\src\\dashboard\\components\\MonitoringDashboard.tsx": {"path":"E:\\Coding\\PzBotz\\src\\dashboard\\components\\MonitoringDashboard.tsx","statementMap":{"0":{"start":{"line":1,"column":0},"end":{"line":1,"column":51}},"1":{"start":{"line":2,"column":0},"end":{"line":2,"column":69}},"2":{"start":{"line":4,"column":0},"end":{"line":4,"column":44}},"3":{"start":{"line":5,"column":0},"end":{"line":5,"column":36}},"4":{"start":{"line":6,"column":0},"end":{"line":6,"column":50}},"5":{"start":{"line":7,"column":0},"end":{"line":7,"column":62}},"6":{"start":{"line":9,"column":38},"end":{"line":46,"column":1}},"7":{"start":{"line":10,"column":34},"end":{"line":10,"column":69}},"8":{"start":{"line":11,"column":32},"end":{"line":11,"column":51}},"9":{"start":{"line":12,"column":44},"end":{"line":12,"column":59}},"10":{"start":{"line":13,"column":38},"end":{"line":13,"column":56}},"11":{"start":{"line":14,"column":52},"end":{"line":14,"column":63}},"12":{"start":{"line":16,"column":4},"end":{"line":32,"column":11}},"13":{"start":{"line":17,"column":33},"end":{"line":17,"column":59}},"14":{"start":{"line":18,"column":25},"end":{"line":29,"column":16}},"15":{"start":{"line":19,"column":34},"end":{"line":19,"column":66}},"16":{"start":{"line":21,"column":12},"end":{"line":23,"column":13}},"17":{"start":{"line":22,"column":16},"end":{"line":22,"column":50}},"18":{"start":{"line":25,"column":12},"end":{"line":27,"column":13}},"19":{"start":{"line":26,"column":16},"end":{"line":26,"column":91}},"20":{"start":{"line":28,"column":12},"end":{"line":28,"column":38}},"21":{"start":{"line":31,"column":8},"end":{"line":31,"column":45}},"22":{"start":{"line":31,"column":21},"end":{"line":31,"column":44}},"23":{"start":{"line":34,"column":4},"end":{"line":45,"column":6}},"24":{"start":{"line":48,"column":0},"end":{"line":48,"column":35}}},"fnMap":{"0":{"name":"(anonymous_1)","decl":{"start":{"line":9,"column":38},"end":{"line":9,"column":41}},"loc":{"start":{"line":9,"column":43},"end":{"line":46,"column":1}}},"1":{"name":"(anonymous_2)","decl":{"start":{"line":16,"column":14},"end":{"line":16,"column":17}},"loc":{"start":{"line":16,"column":19},"end":{"line":32,"column":5}}},"2":{"name":"(anonymous_3)","decl":{"start":{"line":18,"column":37},"end":{"line":18,"column":42}},"loc":{"start":{"line":18,"column":48},"end":{"line":29,"column":9}}},"3":{"name":"(anonymous_4)","decl":{"start":{"line":31,"column":15},"end":{"line":31,"column":18}},"loc":{"start":{"line":31,"column":21},"end":{"line":31,"column":44}}}},"branchMap":{"0":{"loc":{"start":{"line":21,"column":12},"end":{"line":23,"column":13}},"type":"if","locations":[{"start":{"line":21,"column":12},"end":{"line":23,"column":13}}]},"1":{"loc":{"start":{"line":21,"column":16},"end":{"line":21,"column":63}},"type":"binary-expr","locations":[{"start":{"line":21,"column":16},"end":{"line":21,"column":29}},{"start":{"line":21,"column":33},"end":{"line":21,"column":63}}]},"2":{"loc":{"start":{"line":25,"column":12},"end":{"line":27,"column":13}},"type":"if","locations":[{"start":{"line":25,"column":12},"end":{"line":27,"column":13}}]},"3":{"loc":{"start":{"line":25,"column":16},"end":{"line":25,"column":56}},"type":"binary-expr","locations":[{"start":{"line":25,"column":16},"end":{"line":25,"column":29}},{"start":{"line":25,"column":33},"end":{"line":25,"column":56}}]}},"s":{"0":0,"1":0,"2":0,"3":0,"4":0,"5":0,"6":0,"7":0,"8":0,"9":0,"10":0,"11":0,"12":0,"13":0,"14":0,"15":0,"16":0,"17":0,"18":0,"19":0,"20":0,"21":0,"22":0,"23":0,"24":0},"f":{"0":0,"1":0,"2":0,"3":0},"b":{"0":[0],"1":[0,0],"2":[0],"3":[0,0]}}
,"E:\\Coding\\PzBotz\\src\\dashboard\\components\\PerformanceGraph.tsx": {"path":"E:\\Coding\\PzBotz\\src\\dashboard\\components\\PerformanceGraph.tsx","statementMap":{"0":{"start":{"line":2,"column":0},"end":{"line":2,"column":39}},"1":{"start":{"line":9,"column":58},"end":{"line":28,"column":1}},"2":{"start":{"line":10,"column":4},"end":{"line":10,"column":27}},"3":{"start":{"line":10,"column":15},"end":{"line":10,"column":27}},"4":{"start":{"line":12,"column":22},"end":{"line":20,"column":6}},"5":{"start":{"line":14,"column":70},"end":{"line":19,"column":10}},"6":{"start":{"line":22,"column":4},"end":{"line":27,"column":6}},"7":{"start":{"line":30,"column":21},"end":{"line":38,"column":1}},"8":{"start":{"line":31,"column":19},"end":{"line":36,"column":6}},"9":{"start":{"line":37,"column":4},"end":{"line":37,"column":59}},"10":{"start":{"line":40,"column":21},"end":{"line":46,"column":2}},"11":{"start":{"line":48,"column":0},"end":{"line":48,"column":32}}},"fnMap":{"0":{"name":"(anonymous_0)","decl":{"start":{"line":9,"column":58},"end":{"line":9,"column":59}},"loc":{"start":{"line":9,"column":71},"end":{"line":28,"column":1}}},"1":{"name":"(anonymous_1)","decl":{"start":{"line":14,"column":51},"end":{"line":14,"column":52}},"loc":{"start":{"line":14,"column":70},"end":{"line":19,"column":10}}},"2":{"name":"(anonymous_2)","decl":{"start":{"line":30,"column":21},"end":{"line":30,"column":22}},"loc":{"start":{"line":30,"column":40},"end":{"line":38,"column":1}}}},"branchMap":{"0":{"loc":{"start":{"line":10,"column":4},"end":{"line":10,"column":27}},"type":"if","locations":[{"start":{"line":10,"column":4},"end":{"line":10,"column":27}}]},"1":{"loc":{"start":{"line":37,"column":11},"end":{"line":37,"column":58}},"type":"binary-expr","locations":[{"start":{"line":37,"column":11},"end":{"line":37,"column":48}},{"start":{"line":37,"column":52},"end":{"line":37,"column":58}}]}},"s":{"0":0,"1":0,"2":0,"3":0,"4":0,"5":0,"6":0,"7":0,"8":0,"9":0,"10":0,"11":0},"f":{"0":0,"1":0,"2":0},"b":{"0":[0],"1":[0,0]}}
,"E:\\Coding\\PzBotz\\src\\dashboard\\components\\RecoveryStatus.tsx": {"path":"E:\\Coding\\PzBotz\\src\\dashboard\\components\\RecoveryStatus.tsx","statementMap":{"0":{"start":{"line":1,"column":0},"end":{"line":1,"column":26}},"1":{"start":{"line":2,"column":0},"end":{"line":2,"column":66}},"2":{"start":{"line":10,"column":61},"end":{"line":37,"column":1}},"3":{"start":{"line":15,"column":31},"end":{"line":15,"column":48}},"4":{"start":{"line":17,"column":2},"end":{"line":21,"column":57}},"5":{"start":{"line":18,"column":4},"end":{"line":20,"column":5}},"6":{"start":{"line":19,"column":6},"end":{"line":19,"column":89}},"7":{"start":{"line":23,"column":2},"end":{"line":36,"column":4}},"8":{"start":{"line":10,"column":13},"end":{"line":10,"column":61}}},"fnMap":{"0":{"name":"(anonymous_1)","decl":{"start":{"line":10,"column":61},"end":{"line":10,"column":62}},"loc":{"start":{"line":14,"column":5},"end":{"line":37,"column":1}}},"1":{"name":"(anonymous_2)","decl":{"start":{"line":17,"column":18},"end":{"line":17,"column":21}},"loc":{"start":{"line":17,"column":23},"end":{"line":21,"column":3}}}},"branchMap":{"0":{"loc":{"start":{"line":18,"column":4},"end":{"line":20,"column":5}},"type":"if","locations":[{"start":{"line":18,"column":4},"end":{"line":20,"column":5}}]},"1":{"loc":{"start":{"line":26,"column":42},"end":{"line":26,"column":80}},"type":"cond-expr","locations":[{"start":{"line":26,"column":57},"end":{"line":26,"column":69}},{"start":{"line":26,"column":72},"end":{"line":26,"column":80}}]},"2":{"loc":{"start":{"line":27,"column":9},"end":{"line":27,"column":64}},"type":"cond-expr","locations":[{"start":{"line":27,"column":24},"end":{"line":27,"column":46}},{"start":{"line":27,"column":49},"end":{"line":27,"column":64}}]},"3":{"loc":{"start":{"line":29,"column":7},"end":{"line":33,"column":null}},"type":"binary-expr","locations":[{"start":{"line":29,"column":7},"end":{"line":29,"column":16}},{"start":{"line":30,"column":8},"end":{"line":32,"column":null}}]}},"s":{"0":0,"1":0,"2":0,"3":0,"4":0,"5":0,"6":0,"7":0,"8":0},"f":{"0":0,"1":0},"b":{"0":[0],"1":[0,0],"2":[0,0],"3":[0,0]}}
,"E:\\Coding\\PzBotz\\src\\dashboard\\components\\SystemMetrics.tsx": {"path":"E:\\Coding\\PzBotz\\src\\dashboard\\components\\SystemMetrics.tsx","statementMap":{"0":{"start":{"line":8,"column":52},"end":{"line":40,"column":1}},"1":{"start":{"line":9,"column":2},"end":{"line":9,"column":50}},"2":{"start":{"line":9,"column":13},"end":{"line":9,"column":50}},"3":{"start":{"line":11,"column":2},"end":{"line":39,"column":4}},"4":{"start":{"line":42,"column":0},"end":{"line":42,"column":29}}},"fnMap":{"0":{"name":"(anonymous_0)","decl":{"start":{"line":8,"column":52},"end":{"line":8,"column":53}},"loc":{"start":{"line":8,"column":65},"end":{"line":40,"column":1}}}},"branchMap":{"0":{"loc":{"start":{"line":9,"column":2},"end":{"line":9,"column":50}},"type":"if","locations":[{"start":{"line":9,"column":2},"end":{"line":9,"column":50}}]},"1":{"loc":{"start":{"line":17,"column":27},"end":{"line":17,"column":55}},"type":"cond-expr","locations":[{"start":{"line":17,"column":43},"end":{"line":17,"column":50}},{"start":{"line":17,"column":53},"end":{"line":17,"column":55}}]},"2":{"loc":{"start":{"line":23,"column":27},"end":{"line":23,"column":58}},"type":"cond-expr","locations":[{"start":{"line":23,"column":46},"end":{"line":23,"column":53}},{"start":{"line":23,"column":56},"end":{"line":23,"column":58}}]},"3":{"loc":{"start":{"line":29,"column":27},"end":{"line":29,"column":56}},"type":"cond-expr","locations":[{"start":{"line":29,"column":44},"end":{"line":29,"column":51}},{"start":{"line":29,"column":54},"end":{"line":29,"column":56}}]}},"s":{"0":0,"1":0,"2":0,"3":0,"4":0},"f":{"0":0},"b":{"0":[0],"1":[0,0],"2":[0,0],"3":[0,0]}}
,"E:\\Coding\\PzBotz\\src\\dashboard\\graphs\\PerformanceGraph.tsx": {"path":"E:\\Coding\\PzBotz\\src\\dashboard\\graphs\\PerformanceGraph.tsx","statementMap":{"0":{"start":{"line":2,"column":0},"end":{"line":2,"column":39}},"1":{"start":{"line":4,"column":0},"end":{"line":4,"column":44}},"2":{"start":{"line":11,"column":49},"end":{"line":49,"column":1}},"3":{"start":{"line":12,"column":48},"end":{"line":12,"column":76}},"4":{"start":{"line":14,"column":2},"end":{"line":18,"column":13}},"5":{"start":{"line":15,"column":4},"end":{"line":17,"column":5}},"6":{"start":{"line":16,"column":6},"end":{"line":16,"column":61}},"7":{"start":{"line":16,"column":33},"end":{"line":16,"column":59}},"8":{"start":{"line":20,"column":20},"end":{"line":42,"column":4}},"9":{"start":{"line":21,"column":37},"end":{"line":21,"column":79}},"10":{"start":{"line":25,"column":39},"end":{"line":25,"column":52}},"11":{"start":{"line":31,"column":39},"end":{"line":31,"column":55}},"12":{"start":{"line":37,"column":39},"end":{"line":37,"column":53}},"13":{"start":{"line":44,"column":2},"end":{"line":48,"column":4}},"14":{"start":{"line":11,"column":13},"end":{"line":11,"column":49}}},"fnMap":{"0":{"name":"(anonymous_0)","decl":{"start":{"line":11,"column":49},"end":{"line":11,"column":50}},"loc":{"start":{"line":11,"column":62},"end":{"line":49,"column":1}}},"1":{"name":"(anonymous_1)","decl":{"start":{"line":14,"column":12},"end":{"line":14,"column":15}},"loc":{"start":{"line":14,"column":17},"end":{"line":18,"column":3}}},"2":{"name":"(anonymous_2)","decl":{"start":{"line":16,"column":25},"end":{"line":16,"column":29}},"loc":{"start":{"line":16,"column":33},"end":{"line":16,"column":59}}},"3":{"name":"(anonymous_3)","decl":{"start":{"line":21,"column":32},"end":{"line":21,"column":33}},"loc":{"start":{"line":21,"column":37},"end":{"line":21,"column":79}}},"4":{"name":"(anonymous_4)","decl":{"start":{"line":25,"column":34},"end":{"line":25,"column":35}},"loc":{"start":{"line":25,"column":39},"end":{"line":25,"column":52}}},"5":{"name":"(anonymous_5)","decl":{"start":{"line":31,"column":34},"end":{"line":31,"column":35}},"loc":{"start":{"line":31,"column":39},"end":{"line":31,"column":55}}},"6":{"name":"(anonymous_6)","decl":{"start":{"line":37,"column":34},"end":{"line":37,"column":35}},"loc":{"start":{"line":37,"column":39},"end":{"line":37,"column":53}}}},"branchMap":{"0":{"loc":{"start":{"line":15,"column":4},"end":{"line":17,"column":5}},"type":"if","locations":[{"start":{"line":15,"column":4},"end":{"line":17,"column":5}}]}},"s":{"0":0,"1":0,"2":0,"3":0,"4":0,"5":0,"6":0,"7":0,"8":0,"9":0,"10":0,"11":0,"12":0,"13":0,"14":0},"f":{"0":0,"1":0,"2":0,"3":0,"4":0,"5":0,"6":0},"b":{"0":[0]}}
,"E:\\Coding\\PzBotz\\src\\database\\migrations\\20240101000000_initial.ts": {"path":"E:\\Coding\\PzBotz\\src\\database\\migrations\\20240101000000_initial.ts","statementMap":{"0":{"start":{"line":3,"column":0},"end":{"line":3,"column":7}},"1":{"start":{"line":36,"column":0},"end":{"line":36,"column":7}},"2":{"start":{"line":4,"column":2},"end":{"line":33,"column":7}},"3":{"start":{"line":6,"column":6},"end":{"line":6,"column":39}},"4":{"start":{"line":7,"column":6},"end":{"line":7,"column":41}},"5":{"start":{"line":8,"column":6},"end":{"line":8,"column":39}},"6":{"start":{"line":9,"column":6},"end":{"line":9,"column":42}},"7":{"start":{"line":10,"column":6},"end":{"line":10,"column":47}},"8":{"start":{"line":11,"column":6},"end":{"line":11,"column":50}},"9":{"start":{"line":12,"column":6},"end":{"line":12,"column":71}},"10":{"start":{"line":13,"column":6},"end":{"line":13,"column":35}},"11":{"start":{"line":16,"column":6},"end":{"line":16,"column":39}},"12":{"start":{"line":17,"column":6},"end":{"line":17,"column":54}},"13":{"start":{"line":18,"column":6},"end":{"line":18,"column":42}},"14":{"start":{"line":19,"column":6},"end":{"line":19,"column":45}},"15":{"start":{"line":20,"column":6},"end":{"line":20,"column":60}},"16":{"start":{"line":21,"column":6},"end":{"line":21,"column":45}},"17":{"start":{"line":22,"column":6},"end":{"line":22,"column":69}},"18":{"start":{"line":23,"column":6},"end":{"line":23,"column":35}},"19":{"start":{"line":26,"column":6},"end":{"line":26,"column":39}},"20":{"start":{"line":27,"column":6},"end":{"line":27,"column":69}},"21":{"start":{"line":28,"column":6},"end":{"line":28,"column":51}},"22":{"start":{"line":29,"column":6},"end":{"line":29,"column":44}},"23":{"start":{"line":30,"column":6},"end":{"line":30,"column":47}},"24":{"start":{"line":31,"column":6},"end":{"line":31,"column":60}},"25":{"start":{"line":32,"column":6},"end":{"line":32,"column":35}},"26":{"start":{"line":37,"column":2},"end":{"line":40,"column":26}}},"fnMap":{"0":{"name":"up","decl":{"start":{"line":3,"column":22},"end":{"line":3,"column":24}},"loc":{"start":{"line":3,"column":35},"end":{"line":34,"column":1}}},"1":{"name":"(anonymous_1)","decl":{"start":{"line":5,"column":28},"end":{"line":5,"column":29}},"loc":{"start":{"line":5,"column":38},"end":{"line":14,"column":5}}},"2":{"name":"(anonymous_2)","decl":{"start":{"line":15,"column":28},"end":{"line":15,"column":29}},"loc":{"start":{"line":15,"column":38},"end":{"line":24,"column":5}}},"3":{"name":"(anonymous_3)","decl":{"start":{"line":25,"column":33},"end":{"line":25,"column":34}},"loc":{"start":{"line":25,"column":43},"end":{"line":33,"column":5}}},"4":{"name":"down","decl":{"start":{"line":36,"column":22},"end":{"line":36,"column":26}},"loc":{"start":{"line":36,"column":37},"end":{"line":41,"column":1}}}},"branchMap":{},"s":{"0":0,"1":0,"2":0,"3":0,"4":0,"5":0,"6":0,"7":0,"8":0,"9":0,"10":0,"11":0,"12":0,"13":0,"14":0,"15":0,"16":0,"17":0,"18":0,"19":0,"20":0,"21":0,"22":0,"23":0,"24":0,"25":0,"26":0},"f":{"0":0,"1":0,"2":0,"3":0,"4":0},"b":{}}
,"E:\\Coding\\PzBotz\\src\\monitoring\\MetricsCollector.ts": {"path":"E:\\Coding\\PzBotz\\src\\monitoring\\MetricsCollector.ts","statementMap":{"0":{"start":{"line":2,"column":0},"end":{"line":2,"column":38}},"1":{"start":{"line":21,"column":25},"end":{"line":25,"column":6}},"2":{"start":{"line":28,"column":8},"end":{"line":28,"column":16}},"3":{"start":{"line":37,"column":24},"end":{"line":42,"column":10}},"4":{"start":{"line":45,"column":8},"end":{"line":47,"column":9}},"5":{"start":{"line":46,"column":12},"end":{"line":46,"column":68}},"6":{"start":{"line":49,"column":8},"end":{"line":57,"column":10}},"7":{"start":{"line":61,"column":31},"end":{"line":67,"column":10}},"8":{"start":{"line":69,"column":8},"end":{"line":69,"column":60}},"9":{"start":{"line":73,"column":28},"end":{"line":82,"column":10}},"10":{"start":{"line":84,"column":8},"end":{"line":84,"column":54}},"11":{"start":{"line":89,"column":8},"end":{"line":91,"column":9}},"12":{"start":{"line":90,"column":12},"end":{"line":90,"column":26}},"13":{"start":{"line":92,"column":8},"end":{"line":92,"column":24}},"14":{"start":{"line":97,"column":8},"end":{"line":97,"column":17}},"15":{"start":{"line":102,"column":8},"end":{"line":102,"column":17}},"16":{"start":{"line":107,"column":8},"end":{"line":107,"column":17}},"17":{"start":{"line":112,"column":8},"end":{"line":112,"column":17}},"18":{"start":{"line":117,"column":8},"end":{"line":117,"column":17}},"19":{"start":{"line":121,"column":0},"end":{"line":121,"column":36}}},"fnMap":{"0":{"name":"(anonymous_0)","decl":{"start":{"line":27,"column":4},"end":{"line":27,"column":null}},"loc":{"start":{"line":27,"column":4},"end":{"line":30,"column":5}}},"1":{"name":"(anonymous_1)","decl":{"start":{"line":32,"column":4},"end":{"line":32,"column":9}},"loc":{"start":{"line":32,"column":20},"end":{"line":34,"column":5}}},"2":{"name":"(anonymous_2)","decl":{"start":{"line":36,"column":4},"end":{"line":36,"column":9}},"loc":{"start":{"line":36,"column":17},"end":{"line":58,"column":5}}},"3":{"name":"(anonymous_3)","decl":{"start":{"line":60,"column":4},"end":{"line":60,"column":9}},"loc":{"start":{"line":60,"column":74},"end":{"line":70,"column":5}}},"4":{"name":"(anonymous_4)","decl":{"start":{"line":72,"column":4},"end":{"line":72,"column":9}},"loc":{"start":{"line":72,"column":51},"end":{"line":85,"column":5}}},"5":{"name":"(anonymous_5)","decl":{"start":{"line":87,"column":12},"end":{"line":87,"column":34}},"loc":{"start":{"line":87,"column":47},"end":{"line":93,"column":5}}},"6":{"name":"(anonymous_6)","decl":{"start":{"line":95,"column":12},"end":{"line":95,"column":27}},"loc":{"start":{"line":95,"column":43},"end":{"line":98,"column":5}}},"7":{"name":"(anonymous_7)","decl":{"start":{"line":100,"column":12},"end":{"line":100,"column":17}},"loc":{"start":{"line":100,"column":29},"end":{"line":103,"column":5}}},"8":{"name":"(anonymous_8)","decl":{"start":{"line":105,"column":12},"end":{"line":105,"column":17}},"loc":{"start":{"line":105,"column":32},"end":{"line":108,"column":5}}},"9":{"name":"(anonymous_9)","decl":{"start":{"line":110,"column":12},"end":{"line":110,"column":17}},"loc":{"start":{"line":110,"column":30},"end":{"line":113,"column":5}}},"10":{"name":"(anonymous_10)","decl":{"start":{"line":115,"column":12},"end":{"line":115,"column":17}},"loc":{"start":{"line":115,"column":33},"end":{"line":118,"column":5}}}},"branchMap":{"0":{"loc":{"start":{"line":45,"column":8},"end":{"line":47,"column":9}},"type":"if","locations":[{"start":{"line":45,"column":8},"end":{"line":47,"column":9}}]},"1":{"loc":{"start":{"line":89,"column":8},"end":{"line":91,"column":9}},"type":"if","locations":[{"start":{"line":89,"column":8},"end":{"line":91,"column":9}}]},"2":{"loc":{"start":{"line":89,"column":12},"end":{"line":89,"column":73}},"type":"binary-expr","locations":[{"start":{"line":89,"column":12},"end":{"line":89,"column":38}},{"start":{"line":89,"column":42},"end":{"line":89,"column":73}}]}},"s":{"0":0,"1":0,"2":0,"3":0,"4":0,"5":0,"6":0,"7":0,"8":0,"9":0,"10":0,"11":0,"12":0,"13":0,"14":0,"15":0,"16":0,"17":0,"18":0,"19":0},"f":{"0":0,"1":0,"2":0,"3":0,"4":0,"5":0,"6":0,"7":0,"8":0,"9":0,"10":0},"b":{"0":[0],"1":[0],"2":[0,0]}}
,"E:\\Coding\\PzBotz\\src\\monitoring\\RecoveryManager.ts": {"path":"E:\\Coding\\PzBotz\\src\\monitoring\\RecoveryManager.ts","statementMap":{"0":{"start":{"line":9,"column":8},"end":{"line":26,"column":10}},"1":{"start":{"line":3,"column":0},"end":{"line":3,"column":13}}},"fnMap":{"0":{"name":"(anonymous_0)","decl":{"start":{"line":4,"column":4},"end":{"line":4,"column":9}},"loc":{"start":{"line":4,"column":20},"end":{"line":6,"column":5}}},"1":{"name":"(anonymous_1)","decl":{"start":{"line":8,"column":4},"end":{"line":8,"column":9}},"loc":{"start":{"line":8,"column":39},"end":{"line":27,"column":5}}},"2":{"name":"(anonymous_2)","decl":{"start":{"line":29,"column":4},"end":{"line":29,"column":9}},"loc":{"start":{"line":29,"column":36},"end":{"line":31,"column":5}}},"3":{"name":"(anonymous_3)","decl":{"start":{"line":33,"column":4},"end":{"line":33,"column":9}},"loc":{"start":{"line":33,"column":45},"end":{"line":35,"column":5}}}},"branchMap":{"0":{"loc":{"start":{"line":25,"column":21},"end":{"line":25,"column":46}},"type":"cond-expr","locations":[{"start":{"line":25,"column":38},"end":{"line":25,"column":40}},{"start":{"line":25,"column":43},"end":{"line":25,"column":46}}]}},"s":{"0":0,"1":0},"f":{"0":0,"1":0,"2":0,"3":0},"b":{"0":[0,0]}}
,"E:\\Coding\\PzBotz\\src\\monitoring\\unifiedMonitor.ts": {"path":"E:\\Coding\\PzBotz\\src\\monitoring\\unifiedMonitor.ts","statementMap":{"0":{"start":{"line":2,"column":0},"end":{"line":2,"column":54}},"1":{"start":{"line":3,"column":0},"end":{"line":3,"column":9}},"2":{"start":{"line":70,"column":9},"end":{"line":3,"column":52}},"3":{"start":{"line":11,"column":8},"end":{"line":11,"column":41}},"4":{"start":{"line":12,"column":8},"end":{"line":12,"column":58}},"5":{"start":{"line":13,"column":8},"end":{"line":13,"column":53}},"6":{"start":{"line":21,"column":8},"end":{"line":21,"column":48}},"7":{"start":{"line":25,"column":8},"end":{"line":25,"column":48}},"8":{"start":{"line":30,"column":8},"end":{"line":30,"column":41}},"9":{"start":{"line":31,"column":8},"end":{"line":31,"column":48}},"10":{"start":{"line":32,"column":8},"end":{"line":32,"column":45}},"11":{"start":{"line":37,"column":8},"end":{"line":41,"column":11}},"12":{"start":{"line":40,"column":26},"end":{"line":40,"column":72}},"13":{"start":{"line":43,"column":8},"end":{"line":47,"column":11}},"14":{"start":{"line":46,"column":26},"end":{"line":46,"column":75}},"15":{"start":{"line":52,"column":24},"end":{"line":52,"column":60}},"16":{"start":{"line":53,"column":8},"end":{"line":60,"column":10}},"17":{"start":{"line":65,"column":29},"end":{"line":65,"column":79}},"18":{"start":{"line":66,"column":8},"end":{"line":66,"column":57}},"19":{"start":{"line":5,"column":0},"end":{"line":5,"column":13}}},"fnMap":{"0":{"name":"(anonymous_1)","decl":{"start":{"line":70,"column":9},"end":{"line":70,"column":24}},"loc":{"start":{"line":70,"column":9},"end":{"line":3,"column":52}}},"1":{"name":"(anonymous_2)","decl":{"start":{"line":10,"column":4},"end":{"line":10,"column":null}},"loc":{"start":{"line":10,"column":4},"end":{"line":14,"column":5}}},"2":{"name":"(anonymous_3)","decl":{"start":{"line":16,"column":12},"end":{"line":16,"column":17}},"loc":{"start":{"line":16,"column":37},"end":{"line":18,"column":5}}},"3":{"name":"(anonymous_4)","decl":{"start":{"line":20,"column":12},"end":{"line":20,"column":17}},"loc":{"start":{"line":20,"column":44},"end":{"line":22,"column":5}}},"4":{"name":"(anonymous_5)","decl":{"start":{"line":24,"column":12},"end":{"line":24,"column":17}},"loc":{"start":{"line":24,"column":41},"end":{"line":26,"column":5}}},"5":{"name":"(anonymous_6)","decl":{"start":{"line":29,"column":4},"end":{"line":29,"column":9}},"loc":{"start":{"line":29,"column":30},"end":{"line":33,"column":5}}},"6":{"name":"(anonymous_7)","decl":{"start":{"line":36,"column":4},"end":{"line":36,"column":9}},"loc":{"start":{"line":36,"column":30},"end":{"line":48,"column":5}}},"7":{"name":"(anonymous_8)","decl":{"start":{"line":40,"column":20},"end":{"line":40,"column":23}},"loc":{"start":{"line":40,"column":26},"end":{"line":40,"column":72}}},"8":{"name":"(anonymous_9)","decl":{"start":{"line":46,"column":20},"end":{"line":46,"column":23}},"loc":{"start":{"line":46,"column":26},"end":{"line":46,"column":75}}},"9":{"name":"(anonymous_10)","decl":{"start":{"line":51,"column":4},"end":{"line":51,"column":9}},"loc":{"start":{"line":51,"column":24},"end":{"line":61,"column":5}}},"10":{"name":"(anonymous_11)","decl":{"start":{"line":64,"column":4},"end":{"line":64,"column":9}},"loc":{"start":{"line":64,"column":49},"end":{"line":67,"column":5}}}},"branchMap":{},"s":{"0":0,"1":0,"2":0,"3":0,"4":0,"5":0,"6":0,"7":0,"8":0,"9":0,"10":0,"11":0,"12":0,"13":0,"14":0,"15":0,"16":0,"17":0,"18":0,"19":0},"f":{"0":0,"1":0,"2":0,"3":0,"4":0,"5":0,"6":0,"7":0,"8":0,"9":0,"10":0},"b":{}}
,"E:\\Coding\\PzBotz\\src\\server\\rcon.ts": {"path":"E:\\Coding\\PzBotz\\src\\server\\rcon.ts","statementMap":{"0":{"start":{"line":4,"column":0},"end":{"line":4,"column":7}},"1":{"start":{"line":1,"column":0},"end":{"line":1,"column":35}},"2":{"start":{"line":2,"column":0},"end":{"line":2,"column":39}},"3":{"start":{"line":5,"column":15},"end":{"line":9,"column":4}},"4":{"start":{"line":11,"column":2},"end":{"line":13,"column":5}},"5":{"start":{"line":12,"column":4},"end":{"line":12,"column":47}},"6":{"start":{"line":15,"column":2},"end":{"line":17,"column":5}},"7":{"start":{"line":16,"column":4},"end":{"line":16,"column":39}},"8":{"start":{"line":19,"column":2},"end":{"line":19,"column":23}},"9":{"start":{"line":20,"column":2},"end":{"line":20,"column":14}}},"fnMap":{"0":{"name":"createRconClient","decl":{"start":{"line":4,"column":22},"end":{"line":4,"column":38}},"loc":{"start":{"line":4,"column":38},"end":{"line":21,"column":1}}},"1":{"name":"(anonymous_1)","decl":{"start":{"line":11,"column":21},"end":{"line":11,"column":24}},"loc":{"start":{"line":11,"column":26},"end":{"line":13,"column":3}}},"2":{"name":"(anonymous_2)","decl":{"start":{"line":15,"column":19},"end":{"line":15,"column":20}},"loc":{"start":{"line":15,"column":29},"end":{"line":17,"column":3}}}},"branchMap":{"0":{"loc":{"start":{"line":6,"column":10},"end":{"line":6,"column":44}},"type":"binary-expr","locations":[{"start":{"line":6,"column":10},"end":{"line":6,"column":29}},{"start":{"line":6,"column":33},"end":{"line":6,"column":44}}]},"1":{"loc":{"start":{"line":7,"column":19},"end":{"line":7,"column":54}},"type":"binary-expr","locations":[{"start":{"line":7,"column":19},"end":{"line":7,"column":43}},{"start":{"line":7,"column":47},"end":{"line":7,"column":54}}]},"2":{"loc":{"start":{"line":8,"column":14},"end":{"line":8,"column":48}},"type":"binary-expr","locations":[{"start":{"line":8,"column":14},"end":{"line":8,"column":42}},{"start":{"line":8,"column":46},"end":{"line":8,"column":48}}]}},"s":{"0":0,"1":0,"2":0,"3":0,"4":0,"5":0,"6":0,"7":0,"8":0,"9":0},"f":{"0":0,"1":0,"2":0},"b":{"0":[0,0],"1":[0,0],"2":[0,0]}}
,"E:\\Coding\\PzBotz\\src\\server\\middleware\\error.ts": {"path":"E:\\Coding\\PzBotz\\src\\server\\middleware\\error.ts","statementMap":{"0":{"start":{"line":4,"column":0},"end":{"line":4,"column":16}},"1":{"start":{"line":2,"column":0},"end":{"line":2,"column":39}},"2":{"start":{"line":10,"column":2},"end":{"line":10,"column":30}},"3":{"start":{"line":11,"column":2},"end":{"line":16,"column":5}}},"fnMap":{"0":{"name":"errorHandler","decl":{"start":{"line":4,"column":16},"end":{"line":4,"column":28}},"loc":{"start":{"line":8,"column":20},"end":{"line":17,"column":1}}}},"branchMap":{"0":{"loc":{"start":{"line":14,"column":10},"end":{"line":14,"column":76}},"type":"binary-expr","locations":[{"start":{"line":14,"column":10},"end":{"line":14,"column":48}},{"start":{"line":14,"column":52},"end":{"line":14,"column":76}}]}},"s":{"0":0,"1":0,"2":0,"3":0},"f":{"0":0},"b":{"0":[0,0]}}
,"E:\\Coding\\PzBotz\\src\\services\\errorHandler.ts": {"path":"E:\\Coding\\PzBotz\\src\\services\\errorHandler.ts","statementMap":{"0":{"start":{"line":1,"column":0},"end":{"line":1,"column":66}},"1":{"start":{"line":2,"column":0},"end":{"line":2,"column":70}},"2":{"start":{"line":10,"column":8},"end":{"line":10,"column":50}},"3":{"start":{"line":11,"column":8},"end":{"line":11,"column":34}},"4":{"start":{"line":12,"column":8},"end":{"line":12,"column":69}},"5":{"start":{"line":16,"column":27},"end":{"line":16,"column":64}},"6":{"start":{"line":17,"column":8},"end":{"line":17,"column":55}},"7":{"start":{"line":19,"column":8},"end":{"line":21,"column":9}},"8":{"start":{"line":20,"column":12},"end":{"line":20,"column":55}},"9":{"start":{"line":23,"column":8},"end":{"line":23,"column":56}},"10":{"start":{"line":27,"column":20},"end":{"line":27,"column":46}},"11":{"start":{"line":28,"column":22},"end":{"line":33,"column":10}},"12":{"start":{"line":35,"column":8},"end":{"line":35,"column":22}},"13":{"start":{"line":36,"column":8},"end":{"line":36,"column":36}},"14":{"start":{"line":37,"column":8},"end":{"line":37,"column":57}},"15":{"start":{"line":39,"column":8},"end":{"line":39,"column":38}},"16":{"start":{"line":40,"column":8},"end":{"line":40,"column":21}},"17":{"start":{"line":44,"column":25},"end":{"line":44,"column":77}},"18":{"start":{"line":45,"column":8},"end":{"line":45,"column":52}},"19":{"start":{"line":49,"column":22},"end":{"line":55,"column":10}},"20":{"start":{"line":57,"column":8},"end":{"line":57,"column":51}},"21":{"start":{"line":61,"column":8},"end":{"line":67,"column":9}},"22":{"start":{"line":62,"column":12},"end":{"line":62,"column":37}},"23":{"start":{"line":63,"column":15},"end":{"line":67,"column":9}},"24":{"start":{"line":64,"column":12},"end":{"line":64,"column":33}},"25":{"start":{"line":65,"column":15},"end":{"line":67,"column":9}},"26":{"start":{"line":66,"column":12},"end":{"line":66,"column":30}},"27":{"start":{"line":68,"column":8},"end":{"line":68,"column":25}},"28":{"start":{"line":79,"column":0},"end":{"line":79,"column":28}}},"fnMap":{"0":{"name":"(anonymous_1)","decl":{"start":{"line":9,"column":4},"end":{"line":9,"column":null}},"loc":{"start":{"line":9,"column":4},"end":{"line":13,"column":5}}},"1":{"name":"(anonymous_2)","decl":{"start":{"line":15,"column":4},"end":{"line":15,"column":9}},"loc":{"start":{"line":15,"column":51},"end":{"line":24,"column":5}}},"2":{"name":"(anonymous_3)","decl":{"start":{"line":26,"column":12},"end":{"line":26,"column":28}},"loc":{"start":{"line":26,"column":58},"end":{"line":41,"column":5}}},"3":{"name":"(anonymous_4)","decl":{"start":{"line":43,"column":12},"end":{"line":43,"column":30}},"loc":{"start":{"line":43,"column":48},"end":{"line":46,"column":5}}},"4":{"name":"(anonymous_5)","decl":{"start":{"line":48,"column":12},"end":{"line":48,"column":17}},"loc":{"start":{"line":48,"column":62},"end":{"line":58,"column":5}}},"5":{"name":"(anonymous_6)","decl":{"start":{"line":60,"column":12},"end":{"line":60,"column":35}},"loc":{"start":{"line":60,"column":53},"end":{"line":69,"column":5}}}},"branchMap":{"0":{"loc":{"start":{"line":19,"column":8},"end":{"line":21,"column":9}},"type":"if","locations":[{"start":{"line":19,"column":8},"end":{"line":21,"column":9}}]},"1":{"loc":{"start":{"line":28,"column":22},"end":{"line":33,"column":10}},"type":"binary-expr","locations":[{"start":{"line":28,"column":22},"end":{"line":28,"column":44}},{"start":{"line":28,"column":48},"end":{"line":33,"column":10}}]},"2":{"loc":{"start":{"line":61,"column":8},"end":{"line":67,"column":9}},"type":"if","locations":[{"start":{"line":61,"column":8},"end":{"line":67,"column":9}},{"start":{"line":63,"column":15},"end":{"line":67,"column":9}}]},"3":{"loc":{"start":{"line":63,"column":15},"end":{"line":67,"column":9}},"type":"if","locations":[{"start":{"line":63,"column":15},"end":{"line":67,"column":9}},{"start":{"line":65,"column":15},"end":{"line":67,"column":9}}]},"4":{"loc":{"start":{"line":65,"column":15},"end":{"line":67,"column":9}},"type":"if","locations":[{"start":{"line":65,"column":15},"end":{"line":67,"column":9}}]}},"s":{"0":0,"1":0,"2":0,"3":0,"4":0,"5":0,"6":0,"7":0,"8":0,"9":0,"10":0,"11":0,"12":0,"13":0,"14":0,"15":0,"16":0,"17":0,"18":0,"19":0,"20":0,"21":0,"22":0,"23":0,"24":0,"25":0,"26":0,"27":0,"28":0},"f":{"0":0,"1":0,"2":0,"3":0,"4":0,"5":0},"b":{"0":[0],"1":[0,0],"2":[0,0],"3":[0,0],"4":[0]}}
,"E:\\Coding\\PzBotz\\src\\services\\recovery\\RecoveryService.ts": {"path":"E:\\Coding\\PzBotz\\src\\services\\recovery\\RecoveryService.ts","statementMap":{"0":{"start":{"line":1,"column":0},"end":{"line":1,"column":69}},"1":{"start":{"line":2,"column":0},"end":{"line":2,"column":71}},"2":{"start":{"line":10,"column":8},"end":{"line":10,"column":50}},"3":{"start":{"line":11,"column":8},"end":{"line":11,"column":63}},"4":{"start":{"line":12,"column":8},"end":{"line":12,"column":42}},"5":{"start":{"line":16,"column":25},"end":{"line":16,"column":64}},"6":{"start":{"line":18,"column":8},"end":{"line":21,"column":9}},"7":{"start":{"line":19,"column":12},"end":{"line":19,"column":46}},"8":{"start":{"line":20,"column":12},"end":{"line":20,"column":25}},"9":{"start":{"line":23,"column":8},"end":{"line":31,"column":9}},"10":{"start":{"line":24,"column":12},"end":{"line":24,"column":62}},"11":{"start":{"line":25,"column":12},"end":{"line":25,"column":61}},"12":{"start":{"line":26,"column":12},"end":{"line":26,"column":69}},"13":{"start":{"line":27,"column":12},"end":{"line":27,"column":24}},"14":{"start":{"line":29,"column":12},"end":{"line":29,"column":70}},"15":{"start":{"line":30,"column":12},"end":{"line":30,"column":25}},"16":{"start":{"line":35,"column":8},"end":{"line":40,"column":9}},"17":{"start":{"line":36,"column":36},"end":{"line":36,"column":72}},"18":{"start":{"line":37,"column":32},"end":{"line":37,"column":64}},"19":{"start":{"line":38,"column":36},"end":{"line":38,"column":72}},"20":{"start":{"line":39,"column":21},"end":{"line":39,"column":75}},"21":{"start":{"line":44,"column":8},"end":{"line":48,"column":11}},"22":{"start":{"line":64,"column":0},"end":{"line":64,"column":31}}},"fnMap":{"0":{"name":"(anonymous_1)","decl":{"start":{"line":9,"column":4},"end":{"line":9,"column":null}},"loc":{"start":{"line":9,"column":4},"end":{"line":13,"column":5}}},"1":{"name":"(anonymous_2)","decl":{"start":{"line":15,"column":4},"end":{"line":15,"column":9}},"loc":{"start":{"line":15,"column":57},"end":{"line":32,"column":5}}},"2":{"name":"(anonymous_3)","decl":{"start":{"line":34,"column":12},"end":{"line":34,"column":17}},"loc":{"start":{"line":34,"column":71},"end":{"line":41,"column":5}}},"3":{"name":"(anonymous_4)","decl":{"start":{"line":43,"column":12},"end":{"line":43,"column":17}},"loc":{"start":{"line":43,"column":47},"end":{"line":49,"column":5}}},"4":{"name":"(anonymous_5)","decl":{"start":{"line":51,"column":12},"end":{"line":51,"column":17}},"loc":{"start":{"line":51,"column":48},"end":{"line":53,"column":5}}},"5":{"name":"(anonymous_6)","decl":{"start":{"line":55,"column":12},"end":{"line":55,"column":17}},"loc":{"start":{"line":55,"column":44},"end":{"line":57,"column":5}}},"6":{"name":"(anonymous_7)","decl":{"start":{"line":59,"column":12},"end":{"line":59,"column":17}},"loc":{"start":{"line":59,"column":48},"end":{"line":61,"column":5}}}},"branchMap":{"0":{"loc":{"start":{"line":16,"column":25},"end":{"line":16,"column":64}},"type":"binary-expr","locations":[{"start":{"line":16,"column":25},"end":{"line":16,"column":59}},{"start":{"line":16,"column":63},"end":{"line":16,"column":64}}]},"1":{"loc":{"start":{"line":18,"column":8},"end":{"line":21,"column":9}},"type":"if","locations":[{"start":{"line":18,"column":8},"end":{"line":21,"column":9}}]},"2":{"loc":{"start":{"line":35,"column":8},"end":{"line":40,"column":9}},"type":"switch","locations":[{"start":{"line":36,"column":12},"end":{"line":36,"column":72}},{"start":{"line":37,"column":12},"end":{"line":37,"column":64}},{"start":{"line":38,"column":12},"end":{"line":38,"column":72}},{"start":{"line":39,"column":12},"end":{"line":39,"column":75}}]}},"s":{"0":0,"1":0,"2":0,"3":0,"4":0,"5":0,"6":0,"7":0,"8":0,"9":0,"10":0,"11":0,"12":0,"13":0,"14":0,"15":0,"16":0,"17":0,"18":0,"19":0,"20":0,"21":0,"22":0},"f":{"0":0,"1":0,"2":0,"3":0,"4":0,"5":0,"6":0},"b":{"0":[0,0],"1":[0],"2":[0,0,0,0]}}
,"E:\\Coding\\PzBotz\\src\\utils\\ErrorBoundary.tsx": {"path":"E:\\Coding\\PzBotz\\src\\utils\\ErrorBoundary.tsx","statementMap":{"0":{"start":{"line":1,"column":0},"end":{"line":1,"column":52}},"1":{"start":{"line":2,"column":0},"end":{"line":2,"column":41}},"2":{"start":{"line":14,"column":4},"end":{"line":14,"column":17}},"3":{"start":{"line":15,"column":4},"end":{"line":15,"column":37}},"4":{"start":{"line":19,"column":4},"end":{"line":19,"column":30}},"5":{"start":{"line":23,"column":4},"end":{"line":23,"column":31}},"6":{"start":{"line":27,"column":4},"end":{"line":29,"column":5}},"7":{"start":{"line":28,"column":6},"end":{"line":28,"column":69}},"8":{"start":{"line":31,"column":4},"end":{"line":31,"column":31}},"9":{"start":{"line":12,"column":0},"end":{"line":12,"column":13}}},"fnMap":{"0":{"name":"(anonymous_0)","decl":{"start":{"line":13,"column":2},"end":{"line":13,"column":14}},"loc":{"start":{"line":13,"column":26},"end":{"line":16,"column":3}}},"1":{"name":"(anonymous_1)","decl":{"start":{"line":18,"column":2},"end":{"line":18,"column":8}},"loc":{"start":{"line":18,"column":42},"end":{"line":20,"column":3}}},"2":{"name":"(anonymous_2)","decl":{"start":{"line":22,"column":2},"end":{"line":22,"column":19}},"loc":{"start":{"line":22,"column":54},"end":{"line":24,"column":3}}},"3":{"name":"(anonymous_3)","decl":{"start":{"line":26,"column":2},"end":{"line":26,"column":8}},"loc":{"start":{"line":26,"column":8},"end":{"line":32,"column":3}}}},"branchMap":{"0":{"loc":{"start":{"line":27,"column":4},"end":{"line":29,"column":5}},"type":"if","locations":[{"start":{"line":27,"column":4},"end":{"line":29,"column":5}}]}},"s":{"0":0,"1":0,"2":0,"3":0,"4":0,"5":0,"6":0,"7":0,"8":0,"9":0},"f":{"0":0,"1":0,"2":0,"3":0},"b":{"0":[0]}}
,"E:\\Coding\\PzBotz\\src\\utils\\NotificationManager.tsx": {"path":"E:\\Coding\\PzBotz\\src\\utils\\NotificationManager.tsx","statementMap":{"0":{"start":{"line":1,"column":0},"end":{"line":1,"column":67}},"1":{"start":{"line":9,"column":28},"end":{"line":11,"column":34}},"2":{"start":{"line":13,"column":77},"end":{"line":36,"column":1}},"3":{"start":{"line":14,"column":44},"end":{"line":14,"column":72}},"4":{"start":{"line":16,"column":27},"end":{"line":22,"column":3}},"5":{"start":{"line":17,"column":15},"end":{"line":17,"column":36}},"6":{"start":{"line":18,"column":4},"end":{"line":18,"column":63}},"7":{"start":{"line":18,"column":29},"end":{"line":18,"column":61}},"8":{"start":{"line":19,"column":4},"end":{"line":21,"column":13}},"9":{"start":{"line":20,"column":6},"end":{"line":20,"column":62}},"10":{"start":{"line":20,"column":31},"end":{"line":20,"column":60}},"11":{"start":{"line":20,"column":48},"end":{"line":20,"column":59}},"12":{"start":{"line":24,"column":2},"end":{"line":35,"column":4}},"13":{"start":{"line":29,"column":10},"end":{"line":29,"column":37}},"14":{"start":{"line":13,"column":13},"end":{"line":13,"column":77}},"15":{"start":{"line":38,"column":31},"end":{"line":38,"column":68}},"16":{"start":{"line":38,"column":37},"end":{"line":38,"column":68}},"17":{"start":{"line":38,"column":13},"end":{"line":38,"column":31}}},"fnMap":{"0":{"name":"(anonymous_0)","decl":{"start":{"line":11,"column":23},"end":{"line":11,"column":26}},"loc":{"start":{"line":11,"column":28},"end":{"line":11,"column":31}}},"1":{"name":"(anonymous_1)","decl":{"start":{"line":13,"column":77},"end":{"line":13,"column":78}},"loc":{"start":{"line":13,"column":94},"end":{"line":36,"column":1}}},"2":{"name":"(anonymous_2)","decl":{"start":{"line":16,"column":27},"end":{"line":16,"column":28}},"loc":{"start":{"line":16,"column":75},"end":{"line":22,"column":3}}},"3":{"name":"(anonymous_3)","decl":{"start":{"line":18,"column":21},"end":{"line":18,"column":25}},"loc":{"start":{"line":18,"column":29},"end":{"line":18,"column":61}}},"4":{"name":"(anonymous_4)","decl":{"start":{"line":19,"column":15},"end":{"line":19,"column":18}},"loc":{"start":{"line":19,"column":20},"end":{"line":21,"column":5}}},"5":{"name":"(anonymous_5)","decl":{"start":{"line":20,"column":23},"end":{"line":20,"column":27}},"loc":{"start":{"line":20,"column":31},"end":{"line":20,"column":60}}},"6":{"name":"(anonymous_6)","decl":{"start":{"line":20,"column":43},"end":{"line":20,"column":44}},"loc":{"start":{"line":20,"column":48},"end":{"line":20,"column":59}}},"7":{"name":"(anonymous_7)","decl":{"start":{"line":28,"column":27},"end":{"line":28,"column":39}},"loc":{"start":{"line":29,"column":10},"end":{"line":29,"column":37}}},"8":{"name":"(anonymous_8)","decl":{"start":{"line":38,"column":31},"end":{"line":38,"column":34}},"loc":{"start":{"line":38,"column":37},"end":{"line":38,"column":68}}}},"branchMap":{},"s":{"0":0,"1":0,"2":0,"3":0,"4":0,"5":0,"6":0,"7":0,"8":0,"9":0,"10":0,"11":0,"12":0,"13":0,"14":0,"15":0,"16":0,"17":0},"f":{"0":0,"1":0,"2":0,"3":0,"4":0,"5":0,"6":0,"7":0,"8":0},"b":{}}
,"E:\\Coding\\PzBotz\\src\\utils\\errorLogger.ts": {"path":"E:\\Coding\\PzBotz\\src\\utils\\errorLogger.ts","statementMap":{"0":{"start":{"line":3,"column":0},"end":{"line":3,"column":16}},"1":{"start":{"line":5,"column":2},"end":{"line":5,"column":42}},"2":{"start":{"line":6,"column":2},"end":{"line":6,"column":42}},"3":{"start":{"line":10,"column":2},"end":{"line":15,"column":5}},"4":{"start":{"line":19,"column":2},"end":{"line":27,"column":3}},"5":{"start":{"line":20,"column":4},"end":{"line":24,"column":7}},"6":{"start":{"line":26,"column":4},"end":{"line":26,"column":65}}},"fnMap":{"0":{"name":"logError","decl":{"start":{"line":3,"column":16},"end":{"line":3,"column":24}},"loc":{"start":{"line":3,"column":59},"end":{"line":16,"column":1}}},"1":{"name":"sendToLoggingService","decl":{"start":{"line":18,"column":15},"end":{"line":18,"column":35}},"loc":{"start":{"line":18,"column":50},"end":{"line":28,"column":1}}}},"branchMap":{},"s":{"0":0,"1":0,"2":0,"3":0,"4":0,"5":0,"6":0},"f":{"0":0,"1":0},"b":{}}
,"E:\\Coding\\PzBotz\\src\\utils\\logger.ts": {"path":"E:\\Coding\\PzBotz\\src\\utils\\logger.ts","statementMap":{"0":{"start":{"line":1,"column":0},"end":{"line":1,"column":30}},"1":{"start":{"line":2,"column":0},"end":{"line":2,"column":35}},"2":{"start":{"line":4,"column":13},"end":{"line":20,"column":3}}},"fnMap":{},"branchMap":{},"s":{"0":0,"1":0,"2":0},"f":{},"b":{}}
}
