TN:
SF:src\components\App.tsx
FN:9,(anonymous_0)
FNF:1
FNH:0
FNDA:0,(anonymous_0)
DA:3,0
DA:9,0
DA:10,0
LF:3
LH:0
BRF:0
BRH:0
end_of_record
TN:
SF:src\components\PerformanceGraph.tsx
FN:12,(anonymous_0)
FN:15,(anonymous_1)
FN:16,(anonymous_2)
FN:18,(anonymous_3)
FN:19,(anonymous_4)
FN:23,(anonymous_5)
FN:27,(anonymous_6)
FN:31,(anonymous_7)
FN:37,(anonymous_8)
FN:51,fetchPerformanceData
FNF:10
FNH:0
FNDA:0,(anonymous_0)
FNDA:0,(anonymous_1)
FNDA:0,(anonymous_2)
FNDA:0,(anonymous_3)
FNDA:0,(anonymous_4)
FNDA:0,(anonymous_5)
FNDA:0,(anonymous_6)
FNDA:0,(anonymous_7)
FNDA:0,(anonymous_8)
FNDA:0,fetchPerformanceData
DA:2,0
DA:4,0
DA:12,0
DA:13,0
DA:15,0
DA:16,0
DA:18,0
DA:19,0
DA:23,0
DA:26,0
DA:27,0
DA:31,0
DA:37,0
DA:44,0
DA:53,0
LF:15
LH:0
BRF:0
BRH:0
end_of_record
TN:
SF:src\dashboard\components\ErrorList.tsx
FN:13,(anonymous_0)
FN:16,(anonymous_1)
FN:28,(anonymous_2)
FN:35,(anonymous_3)
FNF:4
FNH:0
FNDA:0,(anonymous_0)
FNDA:0,(anonymous_1)
FNDA:0,(anonymous_2)
FNDA:0,(anonymous_3)
DA:2,0
DA:13,0
DA:14,0
DA:16,0
DA:18,0
DA:21,0
DA:29,0
DA:35,0
DA:47,0
LF:9
LH:0
BRDA:24,0,0,0
BRDA:24,0,1,0
BRDA:29,1,0,0
BRDA:29,1,1,0
BRDA:34,2,0,0
BRDA:34,2,1,0
BRF:6
BRH:0
end_of_record
TN:
SF:src\dashboard\components\MonitoringDashboard.tsx
FN:9,(anonymous_1)
FN:16,(anonymous_2)
FN:18,(anonymous_3)
FN:31,(anonymous_4)
FNF:4
FNH:0
FNDA:0,(anonymous_1)
FNDA:0,(anonymous_2)
FNDA:0,(anonymous_3)
FNDA:0,(anonymous_4)
DA:1,0
DA:2,0
DA:4,0
DA:5,0
DA:6,0
DA:7,0
DA:9,0
DA:10,0
DA:11,0
DA:12,0
DA:13,0
DA:14,0
DA:16,0
DA:17,0
DA:18,0
DA:19,0
DA:21,0
DA:22,0
DA:25,0
DA:26,0
DA:28,0
DA:31,0
DA:34,0
DA:48,0
LF:24
LH:0
BRDA:21,0,0,0
BRDA:21,1,0,0
BRDA:21,1,1,0
BRDA:25,2,0,0
BRDA:25,3,0,0
BRDA:25,3,1,0
BRF:6
BRH:0
end_of_record
TN:
SF:src\dashboard\components\PerformanceGraph.tsx
FN:9,(anonymous_0)
FN:14,(anonymous_1)
FN:30,(anonymous_2)
FNF:3
FNH:0
FNDA:0,(anonymous_0)
FNDA:0,(anonymous_1)
FNDA:0,(anonymous_2)
DA:2,0
DA:9,0
DA:10,0
DA:12,0
DA:14,0
DA:22,0
DA:30,0
DA:31,0
DA:37,0
DA:40,0
DA:48,0
LF:11
LH:0
BRDA:10,0,0,0
BRDA:37,1,0,0
BRDA:37,1,1,0
BRF:3
BRH:0
end_of_record
TN:
SF:src\dashboard\components\RecoveryStatus.tsx
FN:10,(anonymous_1)
FN:17,(anonymous_2)
FNF:2
FNH:0
FNDA:0,(anonymous_1)
FNDA:0,(anonymous_2)
DA:1,0
DA:2,0
DA:10,0
DA:15,0
DA:17,0
DA:18,0
DA:19,0
DA:23,0
LF:8
LH:0
BRDA:18,0,0,0
BRDA:26,1,0,0
BRDA:26,1,1,0
BRDA:27,2,0,0
BRDA:27,2,1,0
BRDA:29,3,0,0
BRDA:29,3,1,0
BRF:7
BRH:0
end_of_record
TN:
SF:src\dashboard\components\SystemMetrics.tsx
FN:8,(anonymous_0)
FNF:1
FNH:0
FNDA:0,(anonymous_0)
DA:8,0
DA:9,0
DA:11,0
DA:42,0
LF:4
LH:0
BRDA:9,0,0,0
BRDA:17,1,0,0
BRDA:17,1,1,0
BRDA:23,2,0,0
BRDA:23,2,1,0
BRDA:29,3,0,0
BRDA:29,3,1,0
BRF:7
BRH:0
end_of_record
TN:
SF:src\dashboard\graphs\PerformanceGraph.tsx
FN:11,(anonymous_0)
FN:14,(anonymous_1)
FN:16,(anonymous_2)
FN:21,(anonymous_3)
FN:25,(anonymous_4)
FN:31,(anonymous_5)
FN:37,(anonymous_6)
FNF:7
FNH:0
FNDA:0,(anonymous_0)
FNDA:0,(anonymous_1)
FNDA:0,(anonymous_2)
FNDA:0,(anonymous_3)
FNDA:0,(anonymous_4)
FNDA:0,(anonymous_5)
FNDA:0,(anonymous_6)
DA:2,0
DA:4,0
DA:11,0
DA:12,0
DA:14,0
DA:15,0
DA:16,0
DA:20,0
DA:21,0
DA:25,0
DA:31,0
DA:37,0
DA:44,0
LF:13
LH:0
BRDA:15,0,0,0
BRF:1
BRH:0
end_of_record
TN:
SF:src\database\migrations\20240101000000_initial.ts
FN:3,up
FN:5,(anonymous_1)
FN:15,(anonymous_2)
FN:25,(anonymous_3)
FN:36,down
FNF:5
FNH:0
FNDA:0,up
FNDA:0,(anonymous_1)
FNDA:0,(anonymous_2)
FNDA:0,(anonymous_3)
FNDA:0,down
DA:3,0
DA:4,0
DA:6,0
DA:7,0
DA:8,0
DA:9,0
DA:10,0
DA:11,0
DA:12,0
DA:13,0
DA:16,0
DA:17,0
DA:18,0
DA:19,0
DA:20,0
DA:21,0
DA:22,0
DA:23,0
DA:26,0
DA:27,0
DA:28,0
DA:29,0
DA:30,0
DA:31,0
DA:32,0
DA:36,0
DA:37,0
LF:27
LH:0
BRF:0
BRH:0
end_of_record
TN:
SF:src\monitoring\MetricsCollector.ts
FN:27,(anonymous_0)
FN:32,(anonymous_1)
FN:36,(anonymous_2)
FN:60,(anonymous_3)
FN:72,(anonymous_4)
FN:87,(anonymous_5)
FN:95,(anonymous_6)
FN:100,(anonymous_7)
FN:105,(anonymous_8)
FN:110,(anonymous_9)
FN:115,(anonymous_10)
FNF:11
FNH:0
FNDA:0,(anonymous_0)
FNDA:0,(anonymous_1)
FNDA:0,(anonymous_2)
FNDA:0,(anonymous_3)
FNDA:0,(anonymous_4)
FNDA:0,(anonymous_5)
FNDA:0,(anonymous_6)
FNDA:0,(anonymous_7)
FNDA:0,(anonymous_8)
FNDA:0,(anonymous_9)
FNDA:0,(anonymous_10)
DA:2,0
DA:21,0
DA:28,0
DA:37,0
DA:45,0
DA:46,0
DA:49,0
DA:61,0
DA:69,0
DA:73,0
DA:84,0
DA:89,0
DA:90,0
DA:92,0
DA:97,0
DA:102,0
DA:107,0
DA:112,0
DA:117,0
DA:121,0
LF:20
LH:0
BRDA:45,0,0,0
BRDA:89,1,0,0
BRDA:89,2,0,0
BRDA:89,2,1,0
BRF:4
BRH:0
end_of_record
TN:
SF:src\monitoring\RecoveryManager.ts
FN:4,(anonymous_0)
FN:8,(anonymous_1)
FN:29,(anonymous_2)
FN:33,(anonymous_3)
FNF:4
FNH:0
FNDA:0,(anonymous_0)
FNDA:0,(anonymous_1)
FNDA:0,(anonymous_2)
FNDA:0,(anonymous_3)
DA:3,0
DA:9,0
LF:2
LH:0
BRDA:25,0,0,0
BRDA:25,0,1,0
BRF:2
BRH:0
end_of_record
TN:
SF:src\monitoring\unifiedMonitor.ts
FN:70,(anonymous_1)
FN:10,(anonymous_2)
FN:16,(anonymous_3)
FN:20,(anonymous_4)
FN:24,(anonymous_5)
FN:29,(anonymous_6)
FN:36,(anonymous_7)
FN:40,(anonymous_8)
FN:46,(anonymous_9)
FN:51,(anonymous_10)
FN:64,(anonymous_11)
FNF:11
FNH:0
FNDA:0,(anonymous_1)
FNDA:0,(anonymous_2)
FNDA:0,(anonymous_3)
FNDA:0,(anonymous_4)
FNDA:0,(anonymous_5)
FNDA:0,(anonymous_6)
FNDA:0,(anonymous_7)
FNDA:0,(anonymous_8)
FNDA:0,(anonymous_9)
FNDA:0,(anonymous_10)
FNDA:0,(anonymous_11)
DA:2,0
DA:3,0
DA:5,0
DA:11,0
DA:12,0
DA:13,0
DA:21,0
DA:25,0
DA:30,0
DA:31,0
DA:32,0
DA:37,0
DA:40,0
DA:43,0
DA:46,0
DA:52,0
DA:53,0
DA:65,0
DA:66,0
DA:70,0
LF:20
LH:0
BRF:0
BRH:0
end_of_record
TN:
SF:src\server\rcon.ts
FN:4,createRconClient
FN:11,(anonymous_1)
FN:15,(anonymous_2)
FNF:3
FNH:0
FNDA:0,createRconClient
FNDA:0,(anonymous_1)
FNDA:0,(anonymous_2)
DA:1,0
DA:2,0
DA:4,0
DA:5,0
DA:11,0
DA:12,0
DA:15,0
DA:16,0
DA:19,0
DA:20,0
LF:10
LH:0
BRDA:6,0,0,0
BRDA:6,0,1,0
BRDA:7,1,0,0
BRDA:7,1,1,0
BRDA:8,2,0,0
BRDA:8,2,1,0
BRF:6
BRH:0
end_of_record
TN:
SF:src\server\middleware\error.ts
FN:4,errorHandler
FNF:1
FNH:0
FNDA:0,errorHandler
DA:2,0
DA:4,0
DA:10,0
DA:11,0
LF:4
LH:0
BRDA:14,0,0,0
BRDA:14,0,1,0
BRF:2
BRH:0
end_of_record
TN:
SF:src\services\errorHandler.ts
FN:9,(anonymous_1)
FN:15,(anonymous_2)
FN:26,(anonymous_3)
FN:43,(anonymous_4)
FN:48,(anonymous_5)
FN:60,(anonymous_6)
FNF:6
FNH:0
FNDA:0,(anonymous_1)
FNDA:0,(anonymous_2)
FNDA:0,(anonymous_3)
FNDA:0,(anonymous_4)
FNDA:0,(anonymous_5)
FNDA:0,(anonymous_6)
DA:1,0
DA:2,0
DA:10,0
DA:11,0
DA:12,0
DA:16,0
DA:17,0
DA:19,0
DA:20,0
DA:23,0
DA:27,0
DA:28,0
DA:35,0
DA:36,0
DA:37,0
DA:39,0
DA:40,0
DA:44,0
DA:45,0
DA:49,0
DA:57,0
DA:61,0
DA:62,0
DA:63,0
DA:64,0
DA:65,0
DA:66,0
DA:68,0
DA:79,0
LF:29
LH:0
BRDA:19,0,0,0
BRDA:28,1,0,0
BRDA:28,1,1,0
BRDA:61,2,0,0
BRDA:61,2,1,0
BRDA:63,3,0,0
BRDA:63,3,1,0
BRDA:65,4,0,0
BRF:8
BRH:0
end_of_record
TN:
SF:src\services\recovery\RecoveryService.ts
FN:9,(anonymous_1)
FN:15,(anonymous_2)
FN:34,(anonymous_3)
FN:43,(anonymous_4)
FN:51,(anonymous_5)
FN:55,(anonymous_6)
FN:59,(anonymous_7)
FNF:7
FNH:0
FNDA:0,(anonymous_1)
FNDA:0,(anonymous_2)
FNDA:0,(anonymous_3)
FNDA:0,(anonymous_4)
FNDA:0,(anonymous_5)
FNDA:0,(anonymous_6)
FNDA:0,(anonymous_7)
DA:1,0
DA:2,0
DA:10,0
DA:11,0
DA:12,0
DA:16,0
DA:18,0
DA:19,0
DA:20,0
DA:23,0
DA:24,0
DA:25,0
DA:26,0
DA:27,0
DA:29,0
DA:30,0
DA:35,0
DA:36,0
DA:37,0
DA:38,0
DA:39,0
DA:44,0
DA:64,0
LF:23
LH:0
BRDA:16,0,0,0
BRDA:16,0,1,0
BRDA:18,1,0,0
BRDA:35,2,0,0
BRDA:35,2,1,0
BRDA:35,2,2,0
BRDA:35,2,3,0
BRF:7
BRH:0
end_of_record
TN:
SF:src\utils\ErrorBoundary.tsx
FN:13,(anonymous_0)
FN:18,(anonymous_1)
FN:22,(anonymous_2)
FN:26,(anonymous_3)
FNF:4
FNH:0
FNDA:0,(anonymous_0)
FNDA:0,(anonymous_1)
FNDA:0,(anonymous_2)
FNDA:0,(anonymous_3)
DA:1,0
DA:2,0
DA:12,0
DA:14,0
DA:15,0
DA:19,0
DA:23,0
DA:27,0
DA:28,0
DA:31,0
LF:10
LH:0
BRDA:27,0,0,0
BRF:1
BRH:0
end_of_record
TN:
SF:src\utils\NotificationManager.tsx
FN:11,(anonymous_0)
FN:13,(anonymous_1)
FN:16,(anonymous_2)
FN:18,(anonymous_3)
FN:19,(anonymous_4)
FN:20,(anonymous_5)
FN:20,(anonymous_6)
FN:28,(anonymous_7)
FN:38,(anonymous_8)
FNF:9
FNH:0
FNDA:0,(anonymous_0)
FNDA:0,(anonymous_1)
FNDA:0,(anonymous_2)
FNDA:0,(anonymous_3)
FNDA:0,(anonymous_4)
FNDA:0,(anonymous_5)
FNDA:0,(anonymous_6)
FNDA:0,(anonymous_7)
FNDA:0,(anonymous_8)
DA:1,0
DA:9,0
DA:13,0
DA:14,0
DA:16,0
DA:17,0
DA:18,0
DA:19,0
DA:20,0
DA:24,0
DA:29,0
DA:38,0
LF:12
LH:0
BRF:0
BRH:0
end_of_record
TN:
SF:src\utils\errorLogger.ts
FN:3,logError
FN:18,sendToLoggingService
FNF:2
FNH:0
FNDA:0,logError
FNDA:0,sendToLoggingService
DA:3,0
DA:5,0
DA:6,0
DA:10,0
DA:19,0
DA:20,0
DA:26,0
LF:7
LH:0
BRF:0
BRH:0
end_of_record
TN:
SF:src\utils\logger.ts
FNF:0
FNH:0
DA:1,0
DA:2,0
DA:4,0
LF:3
LH:0
BRF:0
BRH:0
end_of_record
